0 102.494 
5.43 14895.3 
10.86 13881 
16.29 -316.666 
21.72 11151.7 
27.15 12839.5 
32.58 30220.7 
38.01 4837.53 
43.44 18431.4 
48.87 18330.4 
54.3 41875.3 
59.73 36374.2 
65.16 16336.7 
70.59 16595.6 
76.02 10312.6 
81.45 63738.1 
86.88 33485 
92.31 25106.9 
97.74 24995.2 
103.17 7971.63 
108.6 7066.79 
114.03 65628.2 
119.46 49639.3 
124.89 -2933.51 
130.32 47872.4 
135.75 26181.9 
141.18 45230 
146.61 3825.44 
152.04 22703.4 
157.47 50551.7 
162.9 65177 
168.33 15991.2 
173.76 18933.2 
179.19 42944.9 
184.62 27000.8 
190.05 17615.7 
195.48 11708.6 
200.91 22256.5 
206.34 24388.8 
211.77 6797.83 
217.2 16534.7 
222.63 48548.4 
228.06 36535.7 
233.49 17526.1 
238.92 8429.89 
244.35 50972.5 
249.78 21467.5 
255.21 21615.3 
260.64 13968 
266.07 25511.5 
271.5 48092.7 
276.93 15375.9 
282.36 19994.7 
287.79 29791.7 
293.22 44967.5 
298.65 -1587.55 
304.08 9331.25 
309.51 24661.4 
314.94 45392.6 
320.37 6901.02 
325.8 12406.5 
331.23 44659.3 
336.66 39297.3 
342.09 14994.3 
347.52 8525.44 
352.95 18242.5 
358.38 10001.7 
363.81 31295.7 
369.24 19739.3 
374.67 15709 
380.1 35298.6 
385.53 1949.65 
390.96 15404.6 
396.39 15897.6 
401.82 18183.8 
407.25 6774.46 
412.68 11998.2 
418.11 16128 
423.54 13571.7 
428.97 -186.19 
434.4 10036.1 
439.83 12516.1 
445.26 27785.2 
450.69 6428.21 
456.12 36930.5 
461.55 14721 
466.98 15762.1 
472.41 20898.9 
477.84 21335.7 
483.27 16297 
488.7 25138.1 
494.13 17573.1 
499.56 9591.97 
504.99 2159.9 
510.42 28137.4 
515.85 9599.65 
521.28 10324.5 
526.71 21288.5 
532.14 33232.5 
537.57 8587.41 
543 11038.5 
548.43 16352 
553.86 26606.5 
559.29 2667.56 
564.72 16225.5 
570.15 14261.3 
575.58 6662.11 
581.01 3113.59 
586.44 22968.9 
591.87 15526 
597.3 30711.5 
602.73 13655.1 
608.16 16860.1 
613.59 33490.4 
619.02 7161.41 
624.45 2427.65 
629.88 5509.25 
635.31 19813 
640.74 11223.6 
646.17 3891.35 
651.6 8891.64 
657.03 21660.1 
662.46 4748.31 
667.89 1459.55 
673.32 7965.67 
678.75 12970.3 
684.18 23720.5 
689.61 6272.1 
695.04 20070.5 
700.47 8012.12 
705.9 10094.5 
711.33 10128.8 
716.76 6144.41 
722.19 7464.99 
727.62 9256.29 
733.05 6789.28 
738.48 2669.73 
743.91 9191.37 
749.34 9429.4 
754.77 2800.53 
760.2 3728.94 
765.63 6328.07 
771.06 5552.59 
776.49 -526.797 
781.92 1510.5 
787.35 6802.31 
792.78 1103.71 
798.21 3584.45 
803.64 4157.27 
809.07 8324.73 
814.5 12015 
819.93 11863.2 
825.36 11111.8 
830.79 7884.61 
836.22 4400.38 
841.65 1783.65 
847.08 1565.02 
852.51 7131.8 
857.94 16918.9 
863.37 112.547 
868.8 5412.68 
874.23 9321.14 
879.66 23050.8 
885.09 2804.54 
890.52 575.019 
895.95 3927.93 
901.38 3633.33 
906.81 1165.14 
912.24 1353.41 
917.67 2891.96 
923.1 1578.78 
928.53 163.301 
933.96 2456.36 
939.39 662.322 
944.82 5699.7 
950.25 4498.69 
955.68 561.42 
961.11 470.872 
966.54 5209.63 
971.97 272.428 
977.4 3715.76 
982.83 3263.56 
988.26 553.214 
993.69 -79.8808 
999.12 332.496 
1004.55 391.858 
1009.98 115.563 
1015.41 -75.4802 
1020.84 175.781 
1026.27 745.863 
1031.7 5852.24 
1037.13 5609.22 
1042.56 7601.63 
1047.99 1466.87 
1053.42 276.084 
1058.85 1303.39 
1064.28 999.992 
1069.71 3760.51 
1075.14 -60.6953 
1080.57 -7.7004 
1086 1134.47 
1091.43 1262.78 
1096.86 224.009 
1102.29 -9.87563 
1107.72 36.9503 
1113.15 -26.8568 
1118.58 1.38075 
1124.01 19.6516 
1129.44 19.3792 
1134.87 72.3674 
1140.3 2134.27 
1145.73 268.998 
1151.16 2200.58 
1156.59 337.4 
1162.02 9.83662 
1167.45 3.07147 
1172.88 43.9253 
1178.31 567.119 
1183.74 263.142 
1189.17 429.642 
1194.6 39.3853 
1200.03 212.102 
1205.46 1142.78 
1210.89 -112.957 
1216.32 52.1954 
1221.75 -47.4536 
1227.18 3.30372 
1232.61 -4.84156 
1238.04 12.2593 
1243.47 38.5509 
1248.9 -5.72836 
1254.33 -22.9705 
1259.76 201.295 
1265.19 -90.9699 
1270.62 46.5239 
1276.05 -66.6303 
1281.48 347.029 
1286.91 1924.39 
1292.34 1308.3 
1297.77 -258.104 
1303.2 301.814 
1308.63 27.2516 
1314.06 428.386 
1319.49 -245.646 
1324.92 3359.89 
1330.35 183.851 
1335.78 -138.494 
1341.21 -7.66842 
1346.64 245.391 
1352.07 1386.01 
1357.5 877.568 
1362.93 -217.556 
1368.36 87.3312 
1373.79 365.463 
1379.22 608.828 
1384.65 87.3075 
1390.08 166.105 
1395.51 775.986 
1400.94 334.25 
1406.37 -46.0553 
1411.8 461.28 
1417.23 614.868 
1422.66 593.525 
1428.09 4815.39 
1433.52 506.172 
1438.95 1052.3 
1444.38 7320.31 
1449.81 -228.515 
1455.24 1422.22 
1460.67 94.6454 
1466.1 3327.62 
1471.53 4.21323 
1476.96 828.608 
1482.39 3195.88 
1487.82 3104.23 
1493.25 60.5014 
1498.68 45.6442 
1504.11 1983.11 
1509.54 10915.3 
1514.97 1739.98 
1520.4 653.847 
1525.83 806.157 
1531.26 1127.18 
1536.69 -23.0371 
1542.12 5382.62 
1547.55 2669 
1552.98 838.483 
1558.41 366.081 
1563.84 4009.63 
1569.27 1979.61 
1574.7 6732.9 
1580.13 767.816 
1585.56 29.9845 
1590.99 23.5729 
1596.42 925.025 
1601.85 -82.5313 
1607.28 3475.69 
1612.71 4242.51 
1618.14 1412.09 
1623.57 -259.125 
1629 15.5191 
1634.43 155.684 
1639.86 1120.66 
1645.29 181.22 
1650.72 480.858 
1656.15 1022.39 
1661.58 -196.106 
1667.01 181.778 
1672.44 27.5686 
1677.87 106.587 
1683.3 27.9887 
1688.73 -0.0135049 
1694.16 902.366 
1699.59 14.4908 
1705.02 -0.669229 
1710.45 4.93153e-05 
1715.88 5.91237 
1721.31 252.635 
1726.74 157.504 
1732.17 -91.4282 
1737.6 10.7541 
1743.03 215.035 
1748.46 3139.54 
1753.89 425.237 
1759.32 15.847 
1764.75 659.711 
1770.18 -164.01 
1775.61 -43.1186 
1781.04 410.393 
1786.47 -26.7697 
1791.9 -0.602929 
1797.33 0.0509449 
1802.76 161.181 
1808.19 -62.9566 
1813.62 6.14597 
1819.05 672.169 
1824.48 117.652 
1829.91 1824.88 
1835.34 -80.5654 
1840.77 -28.1915 
1846.2 160.749 
1851.63 38.9496 
1857.06 1049.46 
1862.49 1011.5 
1867.92 508.181 
1873.35 1049.2 
1878.78 15.0355 
1884.21 6.41912e-05 
1889.64 96.6894 
1895.07 68.1983 
1900.5 10.8565 
1905.93 -0.661917 
1911.36 65.9494 
1916.79 107.928 
1922.22 7.52985 
1927.65 6.29362 
