150 0
180 4.16667e+18
210 4.16667e+18
240 8.33333e+18
270 8.33333e+18
300 0
330 1.25e+19
360 1.66667e+19
390 4.16667e+18
420 4.16667e+18
450 1.25e+19
480 1.66667e+19
510 1.25e+19
540 1.25e+19
570 2.08333e+19
600 4.16667e+18
630 2.91667e+19
660 8.33333e+18
690 1.25e+19
720 2.08333e+19
750 1.25e+19
780 2.08333e+19
810 8.33333e+18
840 8.33333e+18
870 4.16667e+18
900 4.16667e+18
930 1.25e+19
960 8.33333e+18
990 4.16667e+18
1020 4.16667e+18
1050 0
1080 4.16667e+18
1110 0
1140 0
1170 4.16667e+18
1200 0
1230 0
1260 0
1290 0
1320 0
1350 0
1380 0
1410 0
1440 0
1470 0
1500 4.16667e+18
1530 0
1560 0
1590 0
1620 4.16667e+18
1650 8.33333e+18
1680 4.16667e+18
1710 0
1740 0
1770 0
1800 0
1830 0
1860 0
1890 0
1920 4.16667e+18
