0 361.923 111.669
0.6 114.397 10.024
1.2 26.2568 10.1119
1.8 233.788 10.0909
2.4 -32.1343 10.0912
3 224.755 10.0947
3.6 28.552 10.035
4.2 119.095 10.1222
4.8 206.059 10.1309
5.4 -50.6592 10.1107
6 101.427 10.0939
6.6 -3.83394 9.99316
7.2 98.6886 10.0354
7.8 40.6002 9.94666
8.4 78.4829 9.90543
9 184.614 9.82687
9.6 -15.2075 9.79567
10.2 206.938 9.77411
10.8 -10.1198 9.68738
11.4 141.04 9.71515
12 80.8536 9.6169
12.6 43.1761 9.4963
13.2 172.562 9.42066
13.8 -25.2945 9.31865
14.4 132.642 9.30185
15 17.1119 9.1343
15.6 105.388 9.10664
16.2 76.6097 8.94176
16.8 34.7992 8.90101
17.4 158.477 8.87204
18 -2.72376 8.71866
18.6 158.542 8.75407
19.2 12.0231 8.55918
19.8 75.2617 8.57028
20.4 91.4953 8.44481
21 17.6271 8.39807
21.6 129.691 8.33117
22.2 3.67719 8.21687
22.8 132.815 8.17833
23.4 29.3909 8.03542
24 78.2791 7.94845
24.6 87.9553 7.86665
25.2 15.7466 7.79076
25.8 141.074 7.75596
26.4 6.35512 7.5819
27 127.643 7.54609
27.6 36.1396 7.38451
28.2 50.9942 7.32121
28.8 83.6858 7.1998
29.4 17.209 7.10816
30 121.328 7.11229
30.6 9.07738 6.98874
31.2 98.2257 6.91577
31.8 43.7537 6.78546
32.4 48.8701 6.73308
33 99.1301 6.57726
33.6 7.16486 6.44474
34.2 107.157 6.44183
34.8 13.1632 6.2513
35.4 79.3877 6.1787
36 41.9408 6.03407
36.6 36.0335 5.93184
37.2 93.1762 5.84774
37.8 7.73616 5.76961
38.4 91.2048 5.72157
39 15.0316 5.58237
39.6 60.52 5.52717
40.2 47.0545 5.40827
40.8 28.066 5.34762
41.4 77.6437 5.26084
42 6.87873 5.18842
42.6 80.3769 5.11822
43.2 15.9991 5.0056
43.8 53.6832 5.0056
44.4 44.0729 4.84585
45 19.5141 4.79807
45.6 73.9154 4.75643
46.2 8.55521 4.63556
46.8 74.1038 4.63046
47.4 16.0966 4.46343
48 37.12 4.43079
48.6 46.0508 4.31326
49.2 13.1583 4.25423
49.8 58.3678 4.1754
50.4 7.75812 4.03599
51 59.4304 4.0011
51.6 21.3633 3.94482
52.2 30.54 3.90366
52.8 42.8195 3.82252
53.4 9.03492 3.75678
54 56.7632 3.71072
54.6 7.65305 3.62819
55.2 48.9814 3.63231
55.8 22.1838 3.537
56.4 20.795 3.46594
57 39.5278 3.38825
57.6 9.71728 3.3536
58.2 48.6048 3.32999
58.8 7.83135 3.21909
59.4 38.1306 3.19507
60 23.9183 3.15008
60.6 18.7618 3.0789
61.2 40.8077 3.0412
61.8 5.24621 2.95308
62.4 43.6448 2.92224
63 9.55761 2.79542
63.6 29.904 2.75594
64.2 19.2413 2.70802
64.8 13.5529 2.67727
65.4 36.5581 2.64586
66 4.96576 2.59055
66.6 35.8577 2.5574
67.2 6.75849 2.47466
67.8 23.7202 2.44937
68.4 22.3194 2.39504
69 10.5702 2.37668
69.6 32.4008 2.37126
70.2 3.93537 2.31363
70.8 29.527 2.26486
71.4 9.99514 2.18221
72 20.0948 2.18042
72.6 20.3985 2.09779
73.2 6.28993 2.05607
73.8 29.1088 2.03421
74.4 5.62458 2.01437
75 29.7295 1.98358
75.6 9.17209 1.96144
76.2 15.3415 1.95618
76.8 20.0234 1.90389
77.4 7.01597 1.87372
78 23.9664 1.81719
78.6 3.73785 1.77278
79.2 18.979 1.75461
79.8 9.94993 1.71052
80.4 11.6812 1.69902
81 19.9755 1.65657
81.6 4.07358 1.62425
82.2 22.2749 1.60004
82.8 4.29028 1.58162
83.4 17.9149 1.55221
84 10.3007 1.49854
84.6 7.85492 1.48687
85.2 17.9519 1.44246
85.8 4.37956 1.40859
86.4 21.9524 1.38413
87 3.30883 1.36571
87.6 11.07 1.33529
88.2 10.0474 1.30288
88.8 5.42429 1.27841
89.4 14.3869 1.25285
90 2.89738 1.23831
90.6 15.6647 1.21539
91.2 4.68436 1.18291
91.8 11.4966 1.18057
92.4 10.1411 1.14169
93 4.0909 1.13441
93.6 14.7995 1.09255
94.2 3.21895 1.07898
94.8 17.2461 1.06233
95.4 3.7362 1.04617
96 7.5402 1.02643
96.6 10.7651 1.00282
97.2 3.68453 0.965205
97.8 12.4244 0.953223
98.4 1.6553 0.943882
99 10.1765 0.922734
99.6 4.49203 0.89821
100.2 7.24126 0.885033
100.8 7.92968 0.870032
101.4 2.35532 0.857201
102 10.7214 0.836279
102.6 1.77158 0.827699
103.2 8.7983 0.8238
103.8 5.08572 0.79176
104.4 4.18124 0.79543
105 7.13527 0.763628
105.6 2.8149 0.752773
106.2 8.83037 0.735249
106.8 1.57702 0.730443
107.4 6.35364 0.719482
108 4.0159 0.697949
108.6 4.203 0.695358
109.2 8.53246 0.685124
109.8 1.33366 0.662718
110.4 7.9721 0.669073
111 2.02593 0.664206
111.6 7.27633 0.660974
112.2 5.40728 0.619641
112.8 2.14159 0.603545
113.4 7.01283 0.594844
114 1.50116 0.590003
114.6 6.50632 0.583218
115.2 1.63843 0.575104
115.8 5.63863 0.564032
116.4 5.31917 0.551334
117 2.67264 0.553554
117.6 6.83887 0.540114
118.2 0.693504 0.519433
118.8 6.02072 0.511079
119.4 2.26413 0.495701
120 3.99628 0.49098
120.6 4.20762 0.475155
121.2 1.35122 0.468603
121.8 4.60697 0.464249
122.4 1.04537 0.446572
123 4.39452 0.443706
123.6 2.50015 0.428154
124.2 3.39842 0.422342
124.8 3.71268 0.412608
125.4 1.40135 0.404357
126 4.64379 0.403309
126.6 0.537295 0.393861
127.2 3.28374 0.395799
127.8 2.01865 0.378871
128.4 2.18164 0.378832
129 4.50596 0.379607
129.6 1.19571 0.367837
130.2 4.1894 0.357261
130.8 1.00564 0.352423
131.4 3.90955 0.343535
132 1.6667 0.330426
132.6 1.14321 0.325842
133.2 3.55108 0.326115
133.8 0.818897 0.316081
134.4 3.29722 0.30993
135 0.861732 0.300132
135.6 2.59932 0.298441
136.2 1.83833 0.283514
136.8 1.17706 0.28293
137.4 2.56145 0.278102
138 0.631608 0.272509
138.6 3.77994 0.268879
139.2 1.12715 0.256203
139.8 1.57315 0.258102
140.4 1.65366 0.254859
141 0.384518 0.243242
141.6 2.34657 0.239398
142.2 0.3377 0.236038
142.8 1.50506 0.2322
143.4 0.613784 0.232996
144 2.22436 0.234045
144.6 2.34749 0.226913
145.2 0.769457 0.226355
145.8 2.40973 0.225918
146.4 0.384589 0.212144
147 2.1592 0.210151
147.6 0.999925 0.207059
148.2 1.14563 0.204943
148.8 1.96461 0.19439
149.4 0.396975 0.194453
150 2.00645 0.194004
150.6 0.440914 0.189699
151.2 1.5458 0.184409
151.8 0.99515 0.180283
152.4 0.675517 0.177269
153 1.30326 0.170453
153.6 0.345363 0.171095
154.2 1.64306 0.169657
154.8 0.373411 0.167288
155.4 1.41285 0.167166
156 1.01518 0.168015
156.6 0.589419 0.164523
157.2 1.23482 0.157505
157.8 0.203371 0.152978
158.4 1.72 0.152997
159 0.475394 0.15157
159.6 0.970848 0.146919
160.2 0.86816 0.144678
160.8 0.136894 0.142581
161.4 0.753439 0.141113
162 0.453926 0.139932
162.6 1.64404 0.141868
163.2 0.405956 0.137182
163.8 0.921604 0.133146
164.4 1.1315 0.130159
165 0.271233 0.1324
165.6 1.17154 0.138416
166.2 0.200996 0.132491
166.8 1.41932 0.125542
167.4 0.475514 0.121892
168 0.801552 0.121983
168.6 1.00158 0.116663
169.2 0.295846 0.11377
169.8 1.16575 0.111479
170.4 0.152253 0.109471
171 0.650863 0.109984
171.6 0.456803 0.109283
172.2 0.407563 0.108695
172.8 0.710916 0.10812
173.4 0.254155 0.106538
174 0.948385 0.102985
174.6 0.137635 0.1028
175.2 0.977802 0.100498
175.8 0.525913 0.0962159
176.4 0.588244 0.0956234
177 0.931109 0.0943203
177.6 0.259973 0.0944862
178.2 1.36539 0.094198
178.8 0.256256 0.0903194
179.4 0.697269 0.0883895
180 0.413188 0.0852147
180.6 0.414863 0.0845428
181.2 1.07886 0.0864476
181.8 0.373634 0.0824712
182.4 1.12896 0.0779011
183 0.180853 0.0761834
183.6 0.563176 0.073466
184.2 0.723081 0.072493
184.8 0.24446 0.0722213
185.4 0.944527 0.0700498
186 0.0319638 0.0690057
186.6 0.656892 0.0678889
187.2 0.276404 0.0665301
187.8 0.518658 0.0649652
188.4 0.40622 0.0625058
189 0.211734 0.0616218
189.6 0.870506 0.0623413
190.2 0.0598828 0.0625307
190.8 0.313744 0.0601116
191.4 0.206863 0.058225
192 0.422858 0.0565769
192.6 0.533318 0.0565433
193.2 0.102799 0.060244
193.8 0.367291 0.0599569
194.4 0.1179 0.050623
195 0.266676 0.0500994
195.6 0.159182 0.0500813
196.2 0.06502 0.0491095
196.8 0.285988 0.0496544
197.4 0.220931 0.0479426
198 0.72136 0.050384
198.6 0.056671 0.0476135
199.2 0.314221 0.0463729
199.8 0.327961 0.0452375
200.4 0.0191295 0.0452128
201 0.247511 0.0446922
201.6 0.0790873 0.042303
202.2 0.530735 0.0427255
202.8 0.103823 0.0413297
203.4 0.805676 0.0407575
204 0.319365 0.0415411
204.6 0.00103636 0.0405751
205.2 0.521017 0.0397362
205.8 0.0902211 0.0381338
206.4 0.638808 0.0375936
207 0.0672559 0.038148
207.6 0.290121 0.0372008
208.2 0.432866 0.0344644
208.8 0.090956 0.0335999
209.4 0.389727 0.0334061
210 0.0334036 0.0334461
210.6 0.348976 0.0332259
211.2 0.0780769 0.0318042
211.8 0.299417 0.0323925
212.4 0.208376 0.0318013
213 0.00171534 0.0312068
213.6 0.206934 0.0324472
214.2 0.0499623 0.0326923
214.8 0.171191 0.030075
215.4 0.0647524 0.0288316
216 0.1454 0.028793
216.6 0.0969213 0.028124
217.2 0.0837234 0.0275692
217.8 0.440316 0.026989
218.4 0.00771407 0.0266211
219 0.361045 0.0269222
219.6 0.181584 0.0270558
220.2 0.0703108 0.0262751
220.8 0.124281 0.0273845
221.4 0.0496551 0.0265658
222 0.278274 0.0263234
222.6 0.0408639 0.0256597
223.2 0.111012 0.0245832
223.8 0.0736083 0.0241393
224.4 0.121379 0.0253227
225 0.139573 0.0230488
225.6 0.0420779 0.0223516
226.2 0.266425 0.022087
226.8 0.0370009 0.0218053
227.4 0.0578562 0.0211388
228 0.107371 0.0207471
228.6 -0.0310919 0.0210119
229.2 0.0528822 0.0208889
229.8 0.112229 0.0204896
230.4 0.115087 0.0194125
231 0.0542217 0.0192836
231.6 0.176089 0.0188728
232.2 0.0731957 0.0189273
232.8 0.0289862 0.0188702
233.4 0.148196 0.0184674
234 0.00280977 0.0186449
234.6 0.169051 0.018051
235.2 0.0578248 0.0179188
235.8 0.0430283 0.0179451
236.4 0.0817778 0.0179785
237 0.0368136 0.018279
237.6 0.134351 0.0179887
238.2 0.0582666 0.0172392
238.8 0.197171 0.0170504
239.4 0.0419089 0.0166204
240 0.183956 0.018011
240.6 0.128503 0.0170228
241.2 0.0908404 0.0166602
241.8 0.146712 0.0160437
242.4 0.055151 0.0158934
243 0.214722 0.0159099
243.6 0.070102 0.0155856
244.2 0.15142 0.0167696
244.8 0.0822069 0.0134139
245.4 -0.0160696 0.0135642
246 0.0323573 0.0134648
246.6 0.0185625 0.0134152
247.2 0.102985 0.0133082
247.8 0.0306368 0.0126412
248.4 0.00448636 0.0122406
249 0.0593259 0.012647
249.6 0.0237466 0.0126747
250.2 0.19093 0.0125701
250.8 0.0233594 0.0122018
251.4 0.0936464 0.0120131
252 0.0801826 0.0109812
252.6 0.0549383 0.0112281
253.2 0.106023 0.0110179
253.8 0.0136351 0.0110004
254.4 0.0930854 0.0111306
255 0.0494216 0.0107978
255.6 0.0270669 0.011644
256.2 0.0340113 0.011382
256.8 0.0355407 0.0120936
257.4 0.0420302 0.00996025
258 0.0321081 0.00988269
258.6 0.130323 0.00959369
259.2 0.0384675 0.00960962
259.8 0.0586728 0.00934821
260.4 0.00316818 0.00949916
261 0.0325043 0.009323
261.6 0.0535557 0.00924446
262.2 0.0126017 0.00921247
262.8 0.0906582 0.00930117
263.4 0.062422 0.00904623
264 0.0624601 0.00898141
264.6 0.0870146 0.00870928
265.2 -0.00488147 0.00872053
265.8 0.0251038 0.00876897
266.4 0.0100794 0.0085161
267 0.0463239 0.00830095
267.6 0.0301455 0.00834756
268.2 0.0622539 0.00833531
268.8 0.0719467 0.00822917
269.4 0.0485023 0.00796804
270 0.0980033 0.00759135
270.6 0.00156048 0.00764434
271.2 0.0633671 0.00760106
271.8 0.0216067 0.00756402
272.4 0.0656873 0.00782735
273 0.0648427 0.00764062
273.6 0.0457567 0.00858823
274.2 0.102208 0.00842374
274.8 0.00608181 0.00584979
275.4 -0.00438865 0.00607595
276 0.0132722 0.00565183
276.6 0.0172203 0.0056429
277.2 0.0515077 0.00548886
277.8 0.0535329 0.00537062
278.4 0.0868869 0.00511477
279 -0.00681838 0.00523152
279.6 0.0237614 0.00513674
280.2 0.024872 0.00483686
280.8 0.0888936 0.00523883
281.4 0.0249483 0.00464409
282 0.00451271 0.00446822
282.6 0.042713 0.00429939
283.2 0.00260071 0.00424841
283.8 -0.00435201 0.00419333
284.4 0.00734966 0.00411873
285 0.0227274 0.00412687
285.6 0.0389433 0.00402132
286.2 0.0159824 0.00408399
286.8 0.0183953 0.00412479
287.4 -0.000158232 0.00371979
288 0.00189039 0.00376501
288.6 0.0239971 0.00360658
289.2 -0.000357016 0.00375707
289.8 0.0105543 0.0037301
290.4 0.00877628 0.00364145
291 0.00308183 0.00358137
291.6 0.00753661 0.00361908
292.2 0.0195139 0.00363039
292.8 0.00393525 0.00365539
293.4 0.0130056 0.00355835
294 0.0142024 0.00309322
294.6 0.000867895 0.00303212
295.2 0.000824794 0.00302162
295.8 0.00552753 0.00296496
296.4 0.00142925 0.00296992
297 0.0156698 0.00290824
297.6 -0.00181158 0.0028968
298.2 0.00937282 0.00292788
298.8 0.00096926 0.00288135
299.4 -0.00594304 0.00291624
300 0.0067183 0.00288882
300.6 0.00705683 0.00289282
301.2 0.0214198 0.00293409
301.8 -0.00455818 0.00292135
302.4 0.0114334 0.00299674
303 0.0111768 0.00285807
303.6 0.00327739 0.00283462
304.2 0.0080688 0.00276855
304.8 -0.00937636 0.00277778
305.4 0.00223983 0.0027529
306 0.00303744 0.00273862
306.6 0.0123291 0.00271845
307.2 0.0129128 0.00269558
307.8 0.000953552 0.00268769
308.4 0.00343967 0.00274821
309 0.00548546 0.00265254
309.6 0.0499137 0.00260232
310.2 -0.0054969 0.00259375
310.8 0.0117661 0.00257245
311.4 0.0116051 0.00265317
312 -0.000225426 0.0025429
312.6 0.00948988 0.00253002
313.2 0.00365722 0.00244527
313.8 0.0145123 0.00240106
314.4 -0.00700878 0.00244653
315 -0.00142507 0.0024223
315.6 0.00384238 0.00234832
316.2 0.005012 0.00240675
316.8 0.0174685 0.00238273
317.4 0.00105198 0.00236571
318 0.000921089 0.00244078
318.6 0.000847151 0.00235738
319.2 0.00569304 0.00241432
319.8 0.012562 0.00246549
320.4 0.0352555 0.00245235
321 0.0246409 0.00276006
321.6 0.0191619 0.00262257
322.2 -0.00461919 0.00232156
322.8 0.000905856 0.00231425
323.4 0.00776024 0.00248062
324 0.00662202 0.00234143
324.6 0.0242584 0.0022011
325.2 0.0600006 0.00202568
325.8 -0.0132308 0.00207117
326.4 0.0252161 0.0020504
327 0.0315496 0.00190841
327.6 0.0103307 0.00187806
328.2 0.00325374 0.00179364
328.8 0.0116508 0.00182714
329.4 0.0446779 0.00172704
330 0.00899394 0.00172268
330.6 0.0444778 0.00171878
331.2 0.00374004 0.00173443
331.8 0.0179489 0.00175809
332.4 0.0285115 0.00164232
333 0.0280529 0.00175616
333.6 0.0767083 0.00175044
334.2 0.0106858 0.00109206
334.8 0.00938667 0.000979241
335.4 -0.00250652 0.00127183
336 0.00479296 0.00122793
336.6 0.0156733 0.00113032
337.2 0.00665855 0.000897375
337.8 -0.000441174 0.000835785
338.4 0.00518199 0.000706796
339 -0.00188336 0.000654276
339.6 -0.00123589 0.000655015
340.2 0.00260297 0.00064336
340.8 0.00442193 0.0005726
341.4 0.023169 0.000604628
342 0.10474 0.000422293
342.6 2.69964e-05 0.000491842
343.2 0.00113441 0.000493661
343.8 0.00410142 0.000615386
344.4 0.00373728 0.000542766
345 0.00302325 0.00027421
345.6 0.00537285 0.000176549
346.2 -0.00050228 0.00014776
346.8 0.00107909 0.000143256
347.4 0.00289565 0.000106881
348 0.00242557 9.05609e-05
348.6 0.00189462 7.50876e-05
349.2 0.000345933 9.42296e-05
349.8 0.00134861 0.000107615
