-8 0
-4 4
0 22
4 160
8 200
12 290
16 321
20 393
24 431
28 476
32 523
36 532
40 511
44 479
48 488
52 468
56 433
60 409
64 365
68 349
72 296
76 272
80 272
84 229
88 205
92 176
96 176
100 141
104 128
108 127
112 95
116 94
120 88
124 79
128 59
132 69
136 58
140 50
144 40
148 29
152 30
156 27
160 20
164 17
168 23
172 14
176 14
180 23
184 21
188 8
192 14
196 16
200 8
204 9
208 4
212 8
216 2
220 3
224 2
228 6
232 4
236 1
240 4
244 4
248 3
252 1
256 1
260 0
264 2
268 0
272 2
276 4
280 1
284 1
288 1
292 2
296 1
300 0
304 0
308 0
312 0
316 1
320 0
324 0
328 0
332 1
336 1
340 1
344 1
348 1
