      1.00      4.17154      0.200     0.8357   0.837324      8357
      1.22      3.36061      0.245     0.8223    1.00607      8223
      1.49      2.65774      0.299     0.7943    1.18707      7943
      1.82      2.09626      0.365     0.7652    1.39657      7652
      2.23      1.71313      0.446     0.7638     1.7021      7638
      2.72      1.34218      0.545     0.7309    1.98849      7309
      3.32      1.09091      0.665     0.7256    2.41068      7256
      4.06     0.869654      0.812     0.7065    2.86793      7065
      4.95     0.677142      0.992     0.6719    3.33159      6719
      6.05     0.540453      1.212     0.6550    3.96442      6550
      7.39      0.43958      1.480     0.6507    4.81207      6507
      9.03     0.351767      1.808     0.6360    5.74627      6360
     11.02     0.281844      2.208     0.6224    6.87298      6224
     13.46     0.224934      2.697     0.6067    8.17768      6067
     16.44     0.177057      3.294     0.5833    9.61126      5833
     20.09     0.135146      4.024     0.5438    10.9322      5438
     24.53     0.111584      4.915     0.5484     13.464      5484
     29.96    0.0896246      6.003     0.5380    16.1364      5380
     36.60    0.0710598      7.332     0.5210    19.0686      5210
     44.70    0.0537233      8.955     0.4811    21.5166      4811
     54.60    0.0425404     10.938     0.4653    25.4186      4653
     66.69    0.0330626     13.360     0.4417    29.4753      4417
     81.45    0.0252124     16.317     0.4114    33.5882      4114
     99.48    0.0192273     19.930     0.3832     38.138      3832
    121.51    0.0146533     24.343     0.3567    43.4629      3567
    148.41    0.0113715     29.732     0.3381    50.2342      3381
    181.27   0.00894399     36.315     0.3248    58.8653      3248
    221.41   0.00669596     44.355     0.2970    65.7162      2970
    270.43   0.00511117     54.175     0.2769    74.8674      2769
    330.30   0.00380232     66.170     0.2516    83.0292      2516
    403.43   0.00272333     80.820     0.2201    88.8939      2201
    492.75   0.00217699     98.714     0.2149    106.041      2149
    601.85   0.00155595    120.570     0.1876     113.15      1876
    735.10   0.00113809    147.264     0.1676     123.22      1676
    897.85    0.0007928    179.869     0.1426    128.282      1426
   1096.63  0.000610399    219.692     0.1341    146.974      1341
   1339.43  0.000403603    268.333     0.1083    144.756      1083
   1635.98  0.000287421    327.742     0.0942    154.014       942
   1998.20  0.000190854    400.306     0.0764    152.101       764
   2440.60  0.000119648    488.934     0.0585    142.367       585
   2980.96  7.21718e-05    597.186     0.0431    128.324       431
   3640.95  3.70165e-05    729.404     0.0270    97.4658       270
   4447.07  1.40308e-05    890.896     0.0125    54.9797       125
   5431.66            0   1088.143     0.0000          0         0
