      1.00      4.15357      0.200     0.8321   0.833325      8321
      1.22       3.2568      0.245     0.7969   0.973956      7969
      1.49      2.76649      0.299     0.8268    1.23458      8268
      1.82      2.11133      0.365     0.7707    1.40715      7707
      2.23      1.74296      0.446     0.7771    1.73291      7771
      2.72      1.36054      0.545     0.7409    2.01693      7409
      3.32      1.08264      0.665     0.7201    2.39431      7201
      4.06     0.879501      0.812     0.7145    2.90173      7145
      4.95      0.68208      0.992     0.6768    3.35845      6768
      6.05     0.542433      1.212     0.6574    3.97914      6574
      7.39     0.439175      1.480     0.6501    4.81418      6501
      9.03     0.344522      1.808     0.6229    5.62769      6229
     11.02     0.281527      2.208     0.6217    6.86366      6217
     13.46     0.217519      2.697     0.5867    7.91182      5867
     16.44     0.176481      3.294     0.5814    9.56212      5814
     20.09     0.138277      4.024     0.5564    11.1812      5564
     24.53     0.112581      4.915     0.5533    13.5957      5533
     29.96    0.0874757      6.003     0.5251    15.7527      5251
     36.60    0.0682501      7.332     0.5004      18.36      5004
     44.70       0.0535      8.955     0.4791    21.4572      4791
     54.60    0.0408673     10.938     0.4470     24.433      4470
     66.69    0.0324862     13.360     0.4340    28.9655      4340
     81.45    0.0250531     16.317     0.4088    33.3172      4088
     99.48    0.0193828     19.930     0.3863    38.4645      3863
    121.51    0.0150723     24.343     0.3669    44.6764      3669
    148.41    0.0110722     29.732     0.3292    48.8397      3292
    181.27   0.00874572     36.315     0.3176    57.5077      3176
    221.41   0.00668694     44.355     0.2966     65.683      2966
    270.43   0.00511855     54.175     0.2773    75.0615      2773
    330.30   0.00385673     66.170     0.2552     84.249      2552
    403.43   0.00277777     80.820     0.2245    90.5034      2245
    492.75   0.00212128     98.714     0.2094    103.347      2094
    601.85   0.00154682    120.570     0.1865    112.322      1865
    735.10   0.00111636    147.264     0.1644    120.912      1644
    897.85   0.00081059    179.869     0.1458    130.643      1458
   1096.63  0.000561695    219.692     0.1234    135.254      1234
   1339.43  0.000417019    268.333     0.1119    149.131      1119
   1635.98  0.000279488    327.742     0.0916    149.751       916
   1998.20  0.000197849    400.306     0.0792    158.325       792
   2440.60  0.000123943    488.934     0.0606    147.746       606
   2980.96  7.18369e-05    597.186     0.0429    127.756       429
   3640.95   3.6331e-05    729.404     0.0265     95.666       265
   4447.07  1.48165e-05    890.896     0.0132     58.136       132
   5431.66            0   1088.143     0.0000          0         0
