
TIME PARAMETERS

Initial time step (fs) (NOT USED) time->Dt: 0.1 (default)
Maximum time step (fs) time->Dtmax: 2 (default)
Time step increasing criterion (Å) time->Kt: 0.1 (default)
Time step increasing criterion in collisions (eV) time->Et: 300 (default)
Time step in inistate calc. (fs) time->Dtini: 2 (default)
Length of inistate calc. (fs) time->Timeini: 200 (default)

TYPE PARAMETERS

Atomic number  type[0].Z: 30 (read in)
Atom mass      type[0].m: 63.9291 (readin)
Atom charge    type[0].q: 0 (default)
Atom probability of occuring, if 1 no effect type[0].prob: 1 (default)

Atomic number  type[1].Z: 31 (read in)
Atom mass      type[1].m: 69.72 (readin)
Atom charge    type[1].q: 0 (default)
Atom probability of occuring, if 1 no effect type[1].prob: 1 (default)

Atomic number  type[2].Z: 33 (read in)
Atom mass      type[2].m: 74.92 (readin)
Atom charge    type[2].q: 0 (default)
Atom probability of occuring, if 1 no effect type[2].prob: 1 (default)

Atomic number  type[3].Z: 14 (default)
Atom mass      type[3].m: 28.0855 (default)
Atom charge    type[3].q: 0 (default)
Atom probability of occuring, if 1 no effect type[3].prob: 1 (default)


LAYERS PARAMETERS

Number of different layers layers->Nlayers: 1 (read in)
Number of inistate calcs for each layer layers->Ninistate: 10 (read in)
Maximum number of atoms in one layer layers->Natomsmax: 4320 (read in)
Layer number 0:
Minimum Z   layers->layer[0].minz: -1000000000 (default)
Maximum Z   layers->layer[0].maxz: 1000000000 (default)
Density (not used) layers->layer[0].density: 2.33 (default)
Debye temp (0 if N/A) layers->layer[0].debyet: 345 (readin)
Layer type, i.e. index > 0 of coord file name layers->layer[0].ltype: 0 (default)
Override for time of inistate calc. layers->layer[0].Timeinior: -1 (default)
Probability for layer selection layers->layer[0].Probability: 1 (default)
Mode of probability for layer selection layers->layer[0].Probmode: 0 (default)
Thickness of selected layer for Probmode=2 layers->layer[0].Thickness: 0 (default)


REPULSIVE POTENTIAL PARAMETERS


Potential type for each pair: 
1 = ZBL type-potential using read in params 
2 = Potential and derivative read in from file and spline interpolated
  pot->rep.type[0][0]: 1 (default)
  pot->rep.type[0][1]: 1 (read in)
  pot->rep.type[0][2]: 1 (read in)
  pot->rep.type[0][3]: 1 (default)
  pot->rep.type[1][0]: 1 (default)
  pot->rep.type[1][1]: 1 (default)
  pot->rep.type[1][2]: 1 (default)
  pot->rep.type[1][3]: 1 (default)
  pot->rep.type[2][0]: 1 (default)
  pot->rep.type[2][1]: 1 (default)
  pot->rep.type[2][2]: 1 (default)
  pot->rep.type[2][3]: 1 (default)
  pot->rep.type[3][0]: 1 (default)
  pot->rep.type[3][1]: 1 (default)
  pot->rep.type[3][2]: 1 (default)
  pot->rep.type[3][3]: 1 (default)
    pot->rep.ai[0]: 0.1818 (readin)
    pot->rep.bi[0]: -3.2 (readin)
    pot->rep.ai[1]: 0.5099 (readin)
    pot->rep.bi[1]: -0.9423 (readin)
    pot->rep.ai[2]: 0.2802 (readin)
    pot->rep.bi[2]: -0.4029 (readin)
    pot->rep.ai[3]: 0.02817 (readin)
    pot->rep.bi[3]: -0.2016 (readin)
    pot->rep.ai[4]: 0 (readin)

Default repulsive potential factors (used for all interactions !): 

0 0.1818 -3.2
1 0.5099 -0.9423
2 0.2802 -0.4029
3 0.02817 -0.2016
4 0 0
5 0 0

Individual repulsive potential factors (used for specific atom pair):

None found !
pot->rep.k_e 14.3998
typei 0 typej 0 fact 12959.8 au 0.107145
typei 0 typej 1 fact 13391.8 au 0.106741
typei 0 typej 2 fact 14255.8 au 0.105971
typei 0 typej 3 fact 6047.9 au 0.116512
typei 1 typej 0 fact 13391.8 au 0.106741
typei 1 typej 1 fact 13838.2 au 0.10634
typei 1 typej 2 fact 14731 au 0.105576
typei 1 typej 3 fact 6249.5 au 0.116034
typei 2 typej 0 fact 14255.8 au 0.105971
typei 2 typej 1 fact 14731 au 0.105576
typei 2 typej 2 fact 15681.3 au 0.104822
typei 2 typej 3 fact 6652.69 au 0.115125
typei 3 typej 0 fact 6047.9 au 0.116512
typei 3 typej 1 fact 6249.5 au 0.116034
typei 3 typej 2 fact 6652.69 au 0.115125
typei 3 typej 3 fact 2822.35 au 0.127674

Repulsive potential scaling factor pot->rep.scale: 1 (readin)

ATTRACTIVE POTENTIAL PARAMETERS

Attractive potential type pot->attr.type: 1 (default)
Type means Mazzone Silicon potential
   D (eV) pot->attr.mazD: 4.5 (default)
   alpha (1/Å) pot->attr.mazalpha: 0.2 (default)
   Nearest neighbour dist (Å) pot->attr.mazr1: 2.35 (default)
   Harmonic const (eV/Å) pot->attr.mazK: 1.8 (default)
   Second nearest neighbourdist (Å) pot->attr.mazr2: 3.84 (default)
    Width of harmonic well (Å) pot->attr.mazd: 0.33 (default)

SIMULATION CELL PARAMETERS

Box limit  box->Min.x: 0 (default)
Box limit  box->Min.y: 0 (default)
Box limit  box->Min.z: 0 (default)
Box limit  box->Max.x: 16.95 (readin)
Box limit  box->Max.y: 16.95 (readin)
Box limit  box->Max.z: 16.95 (readin)
Limit for moving cell box->movelim.x: 5.65 (readin)
Limit for moving cell box->movelim.y: 5.65 (readin)
Limit for moving cell box->movelim.z: 5.65 (readin)
Time step interval between cm scalings in inistate calc. box->Iniscaleint: 50 (default)

RECOIL CALCULATION PARAMETERS

Recoil calculation type reccalc->type: 1 (read in)
Recoil particle type reccalc->Atype: 0 (read in)
Number of recoils to be calculated reccalc->Ncalc: 10000 (read in)
Type of range used for result (0 sz 1 proj 2 chord 3 path) reccalc->Trange: 0 (read in)
Original energy in eV reccalc->E0: 5000 (readin)
Maximum z for arrays in Estat calc reccalc->Estatzmax: 5000 (default)
Minimum energy before recoil is stopped reccalc->Emin: 1 (default)
Z at which to end recoil calculation reccalc->Zmax: 1e+30 (default)
Starting position min limit  reccalc->Startmin.x: 5.65 (readin)
Starting position min limit  reccalc->Startmin.y: 5.65 (readin)
Starting position min limit  reccalc->Startmin.z: -3 (readin)
Starting position max limit  reccalc->Startmax.x: 11.3 (readin)
Starting position max limit  reccalc->Startmax.y: 11.3 (readin)
Starting position max limit  reccalc->Startmax.z: -3 (readin)
Velocity direction (degrees) reccalc->Theta0: 7 (readin)
Velocity direction (degrees) reccalc->Fii0: 0 (readin)
Velocity direction limit (degrees) reccalc->Thetamax: 7 (readin)
Velocity direction limit (degrees) reccalc->Fiimax: 360 (readin)
Polycrystalline domain size reccalc->Polysize: 0 (default)
Poly domain size sigma reccalc->Polysizesigma: 0 (default)
Maximum change in direction, in degrees reccalc->Polydeltaangle: 0 (default)
FORCED SEED FOR RECOIL CALC, DEBUG ONLY !! reccalc->Forceseed: 0 (default)
Interval for coordinate output reccalc->Outputstep: 0 (default)
Minimum z for primary recoil spectrum calc. reccalc->recspeczmin: -1e+30 (default)
Maximum z for primary recoil spectrum calc. reccalc->recspeczmax: 1e+30 (default)

POTCRIT PARAMETERS

Potential cutoff radius in recoil calc.         potcrit->R0rec: 3 (readin)
Neighhbour list cutoff radius in recoil calc.   potcrit->Rmrec: 4 (readin)
Potential cutoff radius in inistate calc.       potcrit->R0ini: 4.3 (default)
Neighhbour list cutoff radius in inistate calc. potcrit->Rmini: 8.375 (default)

PHYSICAL SIMULATION PARAMETERS

Required temperature in inistate calc. physical->Tini: 300 (readin)
Required temperature in recoil calc. physical->Trec: 300 (default)

MISCELLANEOUS GENERAL PARAMETERS

Seed number for random number generator gen->seed: 7053 (read in)

FILE HANDLING PARAMETERS

Interval between result output in range calc. file->output: 40 (default)

ELSTOP PARAMETERS

El. stopping mode: if 1 include straggling elstop->mode: 0 (default)
Elstop modifying factor, see elstop.c elstop->scale: 1 (readin)
Linear elstop modifying factor elstop->dscale: 0 (default)
Quadratic elstop modifying factor elstop->sqscale: 0 (default)


UNIT CONVERSION FACTORS (from SI units) 

unit length 1e-10 m, unit energy  1.60219e-19 J
unit force  1.60219e-09 N, temp conv. eV -> K  11604.5

MASS CONVERSION FACTORS, INTERNAL MASSES == 1
atom type 0 mass 1.06158e-25 kg
atom type 1 mass 1.15775e-25 kg
atom type 2 mass 1.2441e-25 kg
atom type 3 mass 4.66378e-26 kg

MASS AND TIME DEPENDENT INTERNAL UNITS
atom type 0 unit time 8.13989e-14 unit vel 1228.51 unit acc. 1.50925e+16
atom type 1 unit time 8.50057e-14 unit vel 1176.39 unit acc. 1.38389e+16
atom type 2 unit time 8.81187e-14 unit vel 1134.83 unit acc. 1.28784e+16
atom type 3 unit time 5.39523e-14 unit vel 1853.48 unit acc. 3.4354e+16
