0 300.451 31.254
0.2 25.4107 2.35967
0.4 32.1239 2.35984
0.6 36.0205 2.34428
0.8 25.183 2.3592
1 17.3041 2.43586
1.2 34.0407 3.01243
1.4 50.0565 3.83338
1.6 57.2084 4.64867
1.8 58.0295 4.86589
2 31.02 4.88316
2.2 11.2017 4.86514
2.4 8.13124 4.8892
2.6 25.5152 4.88956
2.8 54.7652 4.83485
3 70.4735 4.89605
3.2 58.6531 4.84055
3.4 42.4183 4.82342
3.6 21.3477 4.78058
3.8 9.8557 4.77859
4 23.7036 4.81757
4.2 45.4742 4.94694
4.4 36.7762 4.85956
4.6 25.4311 4.80033
4.8 20.7815 4.78446
5 12.414 4.78394
5.2 16.2041 4.77669
5.4 31.4283 4.74888
5.6 55.1695 4.76141
5.8 60.1668 4.70183
6 37.6181 4.70823
6.2 13.2323 4.68285
6.4 2.70389 4.69529
6.6 2.29515 4.6993
6.8 16.6367 4.63933
7 37.0794 4.63881
7.2 48.5402 4.60107
7.4 38.0838 4.6131
7.6 25.6271 4.63567
7.8 15.0518 4.59158
8 12.6836 4.62384
8.2 27.2802 4.62225
8.4 47.1468 4.63919
8.6 46.8134 4.54972
8.8 37.6874 4.51629
9 29.0578 4.55127
9.2 25.679 4.49815
9.4 32.4904 4.43817
9.6 53.6775 4.41542
9.8 61.5679 4.37707
10 63.3153 4.50802
10.2 43.2357 4.48192
10.4 22.144 4.51639
10.6 18.4901 4.44979
10.8 25.6841 4.36243
11 37.8613 4.34854
11.2 51.9911 4.32832
11.4 51.1119 4.29761
11.6 38.3061 4.25062
11.8 25.5812 4.31168
12 19.839 4.25634
12.2 26.3314 4.18131
12.4 42.5274 4.15071
12.6 50.2895 4.10015
12.8 38.5726 4.06931
13 20.6022 3.98126
13.2 14.9702 3.98386
13.4 12.9733 4.02203
13.6 24.4494 3.88213
13.8 33.7883 3.8374
14 41.4832 3.81672
14.2 40.7584 3.77194
14.4 31.2551 3.74684
14.6 18.1364 3.70935
14.8 21.068 3.73532
15 31.0067 3.71162
15.2 33.0524 3.73108
15.4 28.7237 3.64694
15.6 23.1996 3.58213
15.8 16.5709 3.51666
16 18.9609 3.47867
16.2 28.6959 3.5378
16.4 32.4072 3.45793
16.6 36.6276 3.38745
16.8 33.6622 3.38928
17 21.4401 3.2568
17.2 16.9514 3.31736
17.4 16.9106 3.31334
17.6 20.6111 3.28938
17.8 24.0683 3.25782
18 26.7259 3.1591
18.2 27.6908 3.1839
18.4 24.8092 3.22005
18.6 17.0698 3.15316
18.8 19.8327 3.10856
19 27.6314 2.98085
19.2 25.6541 2.908
19.4 26.8049 2.90465
19.6 22.961 2.91827
19.8 19.0489 2.88439
20 13.3735 2.86607
20.2 11.4424 2.76016
20.4 14.7743 2.72922
20.6 17.5061 2.65914
20.8 15.2556 2.62448
21 13.6761 2.56409
21.2 12.9017 2.63408
21.4 11.4382 2.52004
21.6 13.0646 2.55804
21.8 17.071 2.50852
22 18.8406 2.41581
22.2 18.8055 2.46276
22.4 18.4836 2.43217
22.6 15.4443 2.37909
22.8 16.8329 2.31511
23 17.7523 2.25154
23.2 16.0356 2.22072
23.4 16.7648 2.26794
23.6 14.8601 2.23922
23.8 10.9067 2.21626
24 10.1232 2.22209
24.2 10.9866 2.13478
24.4 14.5154 2.10622
24.6 16.6084 2.08456
24.8 17.4049 2.06531
25 18.0113 2.20748
25.2 13.5355 2.0829
25.4 9.82444 1.94906
25.6 9.97186 1.96836
25.8 10.7644 1.93418
26 13.8324 1.92254
26.2 14.7967 1.89724
26.4 11.1861 1.85924
26.6 10.8362 1.87972
26.8 10.7327 1.83857
27 11.7485 1.74782
27.2 13.6247 1.76373
27.4 13.4504 1.72089
27.6 12.4491 1.72534
27.8 8.78547 1.69626
28 8.70738 1.68587
28.2 8.54325 1.68758
28.4 10.0187 1.66257
28.6 11.1226 1.64778
28.8 10.4028 1.62
29 9.06332 1.61196
29.2 6.15563 1.55859
29.4 5.61042 1.56355
29.6 8.25507 1.5167
29.8 8.47528 1.47563
30 8.68253 1.4713
30.2 8.3504 1.50638
30.4 8.88606 1.4681
30.6 6.09776 1.39119
30.8 6.14217 1.38938
31 8.20673 1.362
31.2 8.67974 1.39011
31.4 9.06653 1.40637
31.6 9.52868 1.38804
31.8 7.26669 1.29657
32 6.89403 1.26693
32.2 7.1402 1.26261
32.4 8.6339 1.24326
32.6 8.62147 1.23432
32.8 9.18164 1.23929
33 8.44229 1.19136
33.2 4.70684 1.21686
33.4 3.00435 1.15893
33.6 3.81548 1.14679
33.8 6.6453 1.1446
34 7.24142 1.09776
34.2 7.19394 1.09892
34.4 6.65708 1.10442
34.6 5.00214 1.04184
34.8 5.03789 1.04677
35 4.66124 1.034
35.2 6.02992 1.02551
35.4 6.54674 1.01224
35.6 7.32149 1.01129
35.8 6.86256 0.971158
36 6.44217 0.945246
36.2 6.17705 0.941714
36.4 7.97025 0.934369
36.6 6.70076 0.921664
36.8 5.34953 0.939727
37 3.829 0.902572
37.2 4.4 0.898652
37.4 5.21781 0.880538
37.6 5.95333 0.875863
37.8 6.15488 0.84651
38 5.94043 0.850349
38.2 4.59127 0.846724
38.4 4.87606 0.85475
38.6 4.07084 0.833293
38.8 2.87541 0.818293
39 3.55662 0.798745
39.2 5.10533 0.751428
39.4 4.79366 0.756632
39.6 3.28556 0.735148
39.8 2.73388 0.717568
40 2.38315 0.70197
40.2 3.87264 0.707175
40.4 4.40749 0.660029
40.6 6.21475 0.649957
40.8 6.68903 0.635918
41 5.75405 0.615453
41.2 4.10897 0.625062
41.4 2.71753 0.622974
41.6 2.84715 0.610937
41.8 3.13127 0.601226
42 4.61101 0.60292
42.2 4.44247 0.583826
42.4 4.33172 0.56675
42.6 3.71456 0.560327
42.8 3.0285 0.534644
43 3.33293 0.531978
43.2 3.34082 0.532704
43.4 3.19348 0.527955
43.6 3.07107 0.498725
43.8 3.34069 0.499106
44 3.07867 0.512751
44.2 2.35193 0.495805
44.4 3.15228 0.490985
44.6 3.28863 0.493824
44.8 3.37449 0.475309
45 2.50047 0.465116
45.2 2.39519 0.448041
45.4 2.30651 0.442523
45.6 2.90832 0.453601
45.8 3.09345 0.432843
46 2.86631 0.427199
46.2 2.91283 0.442144
46.4 2.06276 0.394155
46.6 1.51928 0.376308
46.8 1.08251 0.375227
47 1.14301 0.377894
47.2 1.21538 0.355362
47.4 1.54197 0.348004
47.6 1.55469 0.348971
47.8 1.3318 0.337828
48 0.934044 0.333907
48.2 0.899928 0.33339
48.4 1.57402 0.327765
48.6 2.63192 0.328447
48.8 2.28218 0.331698
49 1.7871 0.327122
49.2 1.40495 0.2973
49.4 1.54732 0.290078
49.6 2.00231 0.281845
49.8 2.07257 0.280486
50 2.503 0.278234
50.2 2.42481 0.271042
50.4 1.99939 0.289649
50.6 1.35954 0.268915
50.8 0.461465 0.264585
51 0.578146 0.265426
51.2 1.08277 0.2599
51.4 1.08423 0.256575
51.6 0.935232 0.244268
51.8 0.808122 0.244982
52 0.582019 0.230434
52.2 0.824841 0.24086
52.4 1.12869 0.224402
52.6 1.42512 0.219007
52.8 1.3688 0.217871
53 1.36505 0.224733
53.2 1.25698 0.212886
53.4 1.39433 0.214702
53.6 0.945136 0.21729
53.8 0.801583 0.220617
54 0.970016 0.216112
54.2 1.20283 0.210137
54.4 1.51417 0.202261
54.6 0.957652 0.200806
54.8 0.493311 0.18927
55 0.639301 0.194712
55.2 0.956227 0.187433
55.4 1.133 0.181718
55.6 0.691272 0.176643
55.8 0.272006 0.174903
56 0.245846 0.165486
56.2 0.378754 0.168725
56.4 0.787545 0.17134
56.6 0.798093 0.159593
56.8 0.908161 0.149368
57 0.952438 0.146059
57.2 0.794112 0.139202
57.4 0.639847 0.143216
57.6 0.923873 0.141203
57.8 1.87127 0.137005
58 2.09737 0.130093
58.2 1.19146 0.14283
58.4 0.928285 0.1351
58.6 0.323424 0.133368
58.8 0.139172 0.129888
59 0.394853 0.128912
59.2 0.613796 0.121763
59.4 0.901295 0.121253
59.6 0.974154 0.121608
59.8 0.612807 0.12262
60 0.371433 0.122788
60.2 0.436782 0.116032
60.4 0.631638 0.116387
60.6 0.855386 0.117401
60.8 0.924591 0.11416
61 0.76862 0.113319
61.2 0.556198 0.108234
61.4 0.588985 0.113363
61.6 0.678219 0.110176
61.8 1.10211 0.109334
62 1.51898 0.109397
62.2 1.06164 0.106172
62.4 0.798528 0.105107
62.6 0.479122 0.104599
62.8 0.357028 0.0992282
63 0.387176 0.0961539
63.2 0.614126 0.0940572
63.4 0.640843 0.0888919
63.6 0.531544 0.0885176
63.8 0.471445 0.0902206
64 0.566852 0.0890975
64.2 0.394978 0.0931921
64.4 0.411423 0.0939628
64.6 0.664197 0.0910098
64.8 0.969417 0.0936111
65 0.770903 0.0884858
65.2 0.735087 0.0837843
65.4 0.342465 0.082014
65.6 0.335409 0.0811067
65.8 0.543649 0.0760458
66 0.769911 0.0768434
66.2 0.9553 0.0681922
66.4 0.824913 0.0671321
66.6 0.363094 0.0670456
66.8 0.306184 0.0669935
67 0.391347 0.0733142
67.2 0.387933 0.0646382
67.4 0.250919 0.0572605
67.6 0.238165 0.0552794
67.8 0.232445 0.0543142
68 0.191125 0.0551612
68.2 0.119078 0.050432
68.4 0.168333 0.0518711
68.6 0.196317 0.0491407
68.8 0.276139 0.0489061
69 0.389276 0.050644
69.2 0.384119 0.046699
69.4 0.294444 0.0466133
69.6 0.179181 0.0442515
69.8 0.214481 0.0471512
70 0.320917 0.0443031
70.2 0.334262 0.0419136
70.4 0.388678 0.0429456
70.6 0.273824 0.0426827
70.8 0.177911 0.041098
71 0.167519 0.0407386
71.2 0.222697 0.0399347
71.4 0.272564 0.0429996
71.6 0.185655 0.0397395
71.8 0.123668 0.0396504
72 0.0487134 0.0358383
72.2 0.0470283 0.0377996
72.4 0.0604013 0.0361632
72.6 0.105343 0.0350845
72.8 0.147099 0.033767
73 0.204491 0.0327728
73.2 0.256924 0.0341332
73.4 0.33727 0.0332292
73.6 0.170347 0.0327578
73.8 0.126464 0.0316332
74 0.17259 0.0327637
74.2 0.199402 0.0313965
74.4 0.233452 0.0315696
74.6 0.224833 0.032494
74.8 0.112269 0.0297208
75 0.0796023 0.0322424
75.2 0.0943059 0.0313412
75.4 0.133123 0.0268501
75.6 0.166749 0.029211
75.8 0.168837 0.0258077
76 0.266906 0.0277163
76.2 0.162262 0.0249477
76.4 0.116172 0.0269884
76.6 0.133092 0.0245391
76.8 0.235939 0.0244269
77 0.378861 0.0234911
77.2 0.46812 0.0226705
77.4 0.27767 0.0229109
77.6 0.103753 0.0248736
77.8 0.180027 0.0243122
78 0.278646 0.0282682
78.2 0.229987 0.0194884
78.4 0.226202 0.0191742
78.6 0.119303 0.0175325
78.8 0.110467 0.0206539
79 0.0794082 0.018163
79.2 0.0585184 0.0186456
79.4 0.077488 0.0201626
79.6 0.0706688 0.0216598
79.8 0.0222255 0.0159319
80 0.0127378 0.0173459
80.2 0.0276657 0.0171714
80.4 0.0342607 0.0159092
80.6 0.0384111 0.0162453
80.8 -0.00106037 0.0163444
81 0.0135471 0.0150543
81.2 0.0482955 0.0165137
81.4 0.11652 0.0186147
81.6 0.0749926 0.015828
81.8 0.0602872 0.0126958
82 0.0913515 0.0130114
82.2 0.17402 0.0132466
82.4 0.212035 0.0120309
82.6 0.197666 0.0123806
82.8 0.0940976 0.0124786
83 0.0252555 0.0116892
83.2 0.0397772 0.0125485
83.4 0.0959971 0.0116869
83.6 0.13753 0.0125548
83.8 0.125307 0.0172388
84 0.0585737 0.0191126
84.2 9.12988e-05 0.00901883
84.4 0.00532465 0.00792953
84.6 0.0218736 0.00896385
84.8 0.0340123 0.0078484
85 0.0379929 0.00779692
85.2 0.0362011 0.00878541
85.4 0.0221019 0.00770157
85.6 0.0408854 0.00902211
85.8 0.071571 0.00998989
86 0.132344 0.00738569
86.2 0.217023 0.00710495
86.4 0.23364 0.00771419
86.6 0.113589 0.00704156
86.8 0.0154869 0.00710944
87 0.00936216 0.00643057
87.2 0.0105725 0.0079567
87.4 0.0374982 0.00822954
87.6 0.0407148 0.00680929
87.8 0.0374883 0.00673446
88 0.0276458 0.00763496
88.2 0.00970103 0.00660325
88.4 0.00652359 0.00654199
88.6 0.00891924 0.00697871
88.8 0.00743447 0.0073211
89 -0.000427805 0.00636677
89.2 -0.00304444 0.00681252
89.4 -0.00562536 0.00632116
89.6 -0.00692491 0.00771244
89.8 -3.54461e-05 0.00630873
90 0.00495124 0.00676521
90.2 0.0135288 0.00673082
90.4 0.0286932 0.00755771
90.6 0.0506086 0.00686417
90.8 0.0859734 0.00637932
91 0.140312 0.00660083
91.2 0.115145 0.00501609
91.4 0.0909562 0.00460682
91.6 0.0881304 0.0053496
91.8 0.0476647 0.00452729
92 0.0140668 0.00425422
92.2 -0.00743427 0.00421971
92.4 -0.0082914 0.00356842
92.6 -0.00294516 0.00356558
92.8 0.00302171 0.0042071
93 0.0106992 0.00463521
93.2 0.00970402 0.00349346
93.4 0.0133184 0.0040928
93.6 0.0173386 0.0034112
93.8 0.0258496 0.00335194
94 0.0379805 0.00378971
94.2 0.0378626 0.00306812
94.4 0.0296993 0.00344296
94.6 0.0124395 0.00332723
94.8 0.00510527 0.0028294
95 0.0143727 0.00321932
95.2 0.0383619 0.00313591
95.4 0.136117 0.00367389
95.6 0.111103 0.00226204
95.8 0.0646752 0.00233025
96 0.00501806 0.00251441
96.2 0.0106824 0.00280933
96.4 0.0181811 0.00240585
96.6 0.0210294 0.00172172
96.8 0.0220866 0.00144818
97 0.0094583 0.00111779
97.2 0.000643239 0.000225338
