-6 5.01756e+14
-4 5.01756e+14
-2 0
0 2.00702e+15
2 1.50527e+15
4 8.0281e+15
6 8.52985e+15
8 7.52634e+15
10 1.55544e+16
12 2.00702e+16
14 2.50878e+16
16 3.16106e+16
18 3.11089e+16
20 3.61264e+16
22 2.86001e+16
24 2.55896e+16
26 2.60913e+16
28 2.40843e+16
30 1.80632e+16
32 2.00702e+16
34 2.10738e+16
36 1.6558e+16
38 2.00702e+16
40 1.55544e+16
42 1.30457e+16
44 1.15404e+16
46 9.03161e+15
48 1.10386e+16
50 1.00351e+16
52 7.52634e+15
54 3.51229e+15
56 6.02107e+15
58 4.01405e+15
60 2.00702e+15
62 2.50878e+15
64 1.00351e+15
66 3.01054e+15
68 4.51581e+15
70 1.50527e+15
72 5.01756e+14
74 1.00351e+15
76 1.50527e+15
78 5.01756e+14
80 1.00351e+15
82 5.01756e+14
84 1.00351e+15
86 0
88 0
90 0
92 5.01756e+14
94 0
96 0
98 1.00351e+15
