0 170.14 8.1435
0.9 20.5002 9.14372
1.8 74.8966 9.18317
2.7 29.288 9.27473
3.6 28.9293 9.72116
4.5 86.0883 9.16663
5.4 -3.56179 9.15746
6.3 7.46971 9.13012
7.2 48.2241 9.10423
8.1 25.2437 9.09066
9 17.5203 9.07214
9.9 65.5614 9.04619
10.8 -7.47102 9.06922
11.7 9.68273 9.03369
12.6 40.054 9.02581
13.5 27.3255 8.97927
14.4 23.3557 8.98143
15.3 69.8252 8.97405
16.2 4.0954 8.97912
17.1 24.5971 8.9635
18 72.2128 8.9494
18.9 2.33292 8.89932
19.8 28.5599 8.85699
20.7 66.0747 8.83179
21.6 10.7532 8.79952
22.5 39.18 8.7405
23.4 77.1557 8.74628
24.3 0.34385 8.71384
25.2 35.5671 8.64174
26.1 58.0131 8.63397
27 13.7181 8.60496
27.9 41.3929 8.6078
28.8 68.5416 8.53153
29.7 1.10349 8.5218
30.6 36.1026 8.45647
31.5 61.076 8.42402
32.4 5.68229 8.35422
33.3 38.0274 8.27554
34.2 56.9993 8.24295
35.1 5.74768 8.20969
36 41.5968 8.18535
36.9 68.1231 8.16918
37.8 1.96063 8.08144
38.7 47.3363 8.07297
39.6 59.1717 7.99312
40.5 3.05114 7.9318
41.4 41.6182 7.86431
42.3 64.0138 7.8228
43.2 1.93657 7.72777
44.1 40.639 7.71027
45 53.7766 7.65283
45.9 3.39557 7.60782
46.8 46.6799 7.53843
47.7 46.9206 7.52852
48.6 4.78888 7.43951
49.5 45.2163 7.38529
50.4 54.3137 7.31049
51.3 4.38272 7.22068
52.2 43.561 7.15903
53.1 46.55 7.11754
54 4.7707 7.0138
54.9 42.6901 6.97032
55.8 43.5406 6.9521
56.7 6.21487 6.88085
57.6 43.8002 6.87114
58.5 41.2451 6.77897
59.4 8.38613 6.71048
60.3 42.1624 6.63607
61.2 38.2036 6.61668
62.1 5.79199 6.55358
63 40.8283 6.47365
63.9 35.1293 6.419
64.8 8.70118 6.34296
65.7 43.8376 6.28197
66.6 32.6048 6.23351
67.5 8.51614 6.18062
68.4 42.1924 6.1124
69.3 30.3735 6.06573
70.2 9.27821 6.01141
71.1 36.6528 5.95949
72 30.4342 5.88216
72.9 9.19833 5.79551
73.8 42.5092 5.75727
74.7 24.9319 5.70877
75.6 10.7301 5.62852
76.5 37.7515 5.5508
77.4 22.8324 5.49506
78.3 11.0983 5.38817
79.2 37.2884 5.34577
80.1 21.8411 5.3264
81 10.577 5.26809
81.9 35.4867 5.1908
82.8 21.0186 5.17865
83.7 11.9741 5.05047
84.6 31.3033 5.0126
85.5 17.1413 4.96641
86.4 12.5767 4.89236
87.3 34.0779 4.84818
88.2 18.9486 4.79382
89.1 12.7769 4.73582
90 36.6691 4.73179
90.9 14.7911 4.64532
91.8 13.6338 4.56878
92.7 31.0392 4.54488
93.6 15.4985 4.48491
94.5 15.2976 4.42127
95.4 31.0432 4.3962
96.3 13.7346 4.35521
97.2 14.933 4.25668
98.1 27.7677 4.22582
99 10.7872 4.17519
99.9 15.4895 4.10237
100.8 27.2438 4.01855
101.7 11.7364 3.96805
102.6 15.7901 3.92857
103.5 29.888 3.87455
104.4 10.103 3.81413
105.3 15.667 3.74078
106.2 22.7405 3.68591
107.1 8.41257 3.63197
108 16.0345 3.59159
108.9 23.5549 3.55289
109.8 7.19334 3.50966
110.7 13.7694 3.44034
111.6 21.8575 3.42174
112.5 7.63495 3.36579
113.4 14.9564 3.30437
114.3 21.1136 3.27269
115.2 6.11799 3.23023
116.1 14.528 3.1843
117 20.0946 3.1434
117.9 6.01441 3.09615
118.8 12.9723 3.02357
119.7 18.8292 2.99604
120.6 5.56888 2.94401
121.5 13.4717 2.91328
122.4 19.5206 2.88399
123.3 4.15657 2.80776
124.2 13.1508 2.76599
125.1 16.4016 2.72841
126 3.96979 2.68479
126.9 13.69 2.65833
127.8 15.4464 2.60843
128.7 4.07051 2.57825
129.6 12.6062 2.54219
130.5 15.4261 2.50967
131.4 4.17084 2.48426
132.3 12.4576 2.44617
133.2 13.8095 2.42586
134.1 3.30813 2.36377
135 13.3638 2.34657
135.9 12.2565 2.31852
136.8 3.98629 2.28757
137.7 11.8835 2.24635
138.6 13.0722 2.19518
139.5 3.16519 2.15471
140.4 11.7768 2.11941
141.3 10.3625 2.10265
142.2 2.75302 2.06814
143.1 10.094 2.04018
144 9.66599 2.02053
144.9 3.02911 1.97307
145.8 9.85825 1.93913
146.7 10.711 1.91184
147.6 3.1722 1.87711
148.5 9.50684 1.85476
149.4 10.5011 1.84553
150.3 3.30498 1.81532
151.2 11.2013 1.80114
152.1 8.72562 1.78748
153 3.26599 1.75987
153.9 10.6938 1.7397
154.8 7.71754 1.69889
155.7 3.42462 1.67013
156.6 10.2045 1.64385
157.5 7.0468 1.62666
158.4 2.8965 1.59962
159.3 7.82637 1.57111
160.2 5.9963 1.53673
161.1 3.81384 1.50728
162 7.79225 1.49127
162.9 5.90996 1.47202
163.8 3.89226 1.44354
164.7 8.4949 1.43039
165.6 5.74871 1.41452
166.5 3.258 1.40112
167.4 7.74754 1.3622
168.3 4.65735 1.35666
169.2 2.67041 1.3439
170.1 7.69347 1.31763
171 3.67826 1.29589
171.9 3.13968 1.26978
172.8 7.10926 1.25741
173.7 4.08217 1.24913
174.6 3.1533 1.21111
175.5 6.43498 1.20091
176.4 3.31097 1.17323
177.3 3.36768 1.15935
178.2 6.37381 1.14195
179.1 2.70744 1.12631
180 3.16046 1.11187
180.9 7.03003 1.1079
181.8 3.44958 1.08833
182.7 3.25613 1.06066
183.6 7.28079 1.04902
184.5 2.03575 1.04295
185.4 3.61688 1.0331
186.3 5.65642 0.997582
187.2 2.29219 0.986486
188.1 3.38478 0.964041
189 5.71996 0.948999
189.9 2.11059 0.93828
190.8 2.94813 0.923207
191.7 5.93389 0.909222
192.6 1.53082 0.899382
193.5 3.07646 0.882666
194.4 5.43985 0.872296
195.3 1.69314 0.853635
196.2 2.90195 0.840755
197.1 5.22117 0.83091
198 1.65107 0.823071
198.9 3.14351 0.814508
199.8 4.23618 0.78691
200.7 1.20642 0.766512
201.6 2.68485 0.753209
202.5 3.70669 0.754051
203.4 1.47733 0.756903
204.3 2.68886 0.731903
205.2 3.60466 0.726264
206.1 0.86387 0.692992
207 2.6599 0.683974
207.9 2.76075 0.678264
208.8 1.12673 0.666088
209.7 2.76169 0.656737
210.6 2.81664 0.643394
211.5 1.03486 0.63392
212.4 3.43563 0.630779
213.3 3.09554 0.625507
214.2 0.650811 0.611263
215.1 2.43727 0.596443
216 2.25036 0.58605
216.9 0.632347 0.580473
217.8 2.25623 0.577036
218.7 3.14083 0.577935
219.6 0.923979 0.562137
220.5 2.78946 0.550923
221.4 2.45496 0.541713
222.3 0.382016 0.536934
223.2 2.02188 0.52729
224.1 2.05119 0.523241
225 0.553849 0.515561
225.9 2.64889 0.50671
226.8 2.04387 0.501258
227.7 0.438192 0.496646
228.6 2.34504 0.489726
229.5 1.54665 0.484644
230.4 0.725338 0.481155
231.3 2.846 0.475527
232.2 1.92613 0.464665
233.1 0.668493 0.453459
234 2.48283 0.456272
234.9 1.37703 0.443969
235.8 0.471855 0.432723
236.7 1.68082 0.423628
237.6 1.74476 0.417133
238.5 0.658258 0.413149
239.4 1.71739 0.411731
240.3 1.22263 0.4071
241.2 0.229548 0.402703
242.1 1.86298 0.392348
243 1.4517 0.392389
243.9 0.649118 0.383107
244.8 1.57728 0.377571
245.7 1.03209 0.374812
246.6 0.517123 0.369098
247.5 1.49203 0.365608
248.4 1.39051 0.361871
249.3 0.571193 0.355326
250.2 1.59849 0.349102
251.1 0.707567 0.348208
252 0.548812 0.343346
252.9 1.7996 0.336598
253.8 0.758244 0.335382
254.7 0.562152 0.33428
255.6 1.57734 0.334223
256.5 0.620973 0.3285
257.4 0.423761 0.325565
258.3 1.74382 0.317022
259.2 1.49968 0.317766
260.1 0.821016 0.315808
261 1.38261 0.306912
261.9 0.694492 0.300378
262.8 0.66014 0.298479
263.7 1.83826 0.298484
264.6 0.921574 0.291206
265.5 0.865289 0.286593
266.4 1.36231 0.285298
267.3 0.945703 0.292588
268.2 0.840634 0.280671
269.1 1.31044 0.274486
270 0.5239 0.274391
270.9 0.79563 0.262423
271.8 1.65838 0.254661
272.7 0.665966 0.24528
273.6 0.709809 0.238668
274.5 1.08327 0.238901
275.4 0.255506 0.23825
276.3 0.399438 0.23455
277.2 1.57273 0.230683
278.1 0.524849 0.230062
279 0.690973 0.227112
279.9 1.30297 0.225914
280.8 0.385665 0.217997
281.7 0.912729 0.210879
282.6 1.02767 0.207068
283.5 0.217348 0.204373
284.4 0.531076 0.200363
285.3 0.951856 0.200019
286.2 0.397773 0.198579
287.1 0.663105 0.194923
288 0.788857 0.191934
288.9 0.196758 0.19016
289.8 0.635434 0.188654
290.7 0.607366 0.182659
291.6 0.345738 0.179342
292.5 0.627886 0.177781
293.4 0.765723 0.172179
294.3 0.131759 0.1717
295.2 0.614327 0.171446
296.1 0.844112 0.169821
297 0.173287 0.16756
297.9 0.611761 0.166234
298.8 0.75692 0.166467
299.7 0.201652 0.164793
300.6 0.632801 0.158833
301.5 0.510667 0.15704
302.4 0.207614 0.156621
303.3 0.573729 0.152896
304.2 0.730082 0.151008
305.1 0.132303 0.146391
306 0.605922 0.143729
306.9 0.525213 0.144794
307.8 0.304465 0.142785
308.7 0.808055 0.140321
309.6 0.462522 0.136896
310.5 0.254356 0.134248
311.4 0.560955 0.141054
312.3 0.725109 0.135478
313.2 0.186888 0.130824
314.1 0.48216 0.125606
315 0.396552 0.124756
315.9 0.277201 0.123819
316.8 0.576576 0.121924
317.7 0.478078 0.117375
318.6 0.202511 0.115331
319.5 0.435185 0.11472
320.4 0.479563 0.115188
321.3 0.169032 0.115529
322.2 0.450083 0.108972
323.1 0.348591 0.107165
324 0.214293 0.103381
324.9 0.519729 0.101421
325.8 0.38011 0.099931
326.7 0.191707 0.097524
327.6 0.173001 0.0949313
328.5 0.668665 0.0940688
329.4 0.166039 0.0930582
330.3 0.47948 0.0908251
331.2 0.21798 0.0903411
332.1 0.360109 0.0898163
333 0.636728 0.0921001
333.9 0.205752 0.0861504
334.8 0.0520196 0.0870586
335.7 0.285718 0.0835804
336.6 0.47471 0.0826318
337.5 0.177117 0.0784083
338.4 0.334099 0.0774115
339.3 0.230777 0.0764829
340.2 0.13507 0.0751095
341.1 0.259591 0.0730566
342 0.193352 0.0714375
342.9 0.0971735 0.0700172
343.8 0.121045 0.0693775
344.7 0.222463 0.0696417
345.6 0.121248 0.0672019
346.5 0.395202 0.0695089
347.4 0.223575 0.0671711
348.3 0.105701 0.0673477
349.2 0.334474 0.0662997
350.1 0.179211 0.0636948
351 0.170846 0.0623782
351.9 0.52868 0.0619003
352.8 0.228773 0.0598586
353.7 0.165002 0.0568855
354.6 0.233012 0.0558028
355.5 0.125913 0.0563653
356.4 0.213661 0.0573779
357.3 0.250367 0.0535123
358.2 0.0987881 0.0525282
359.1 0.117057 0.0511345
360 0.274656 0.051231
360.9 0.139242 0.0492841
361.8 0.194057 0.04856
362.7 0.309362 0.0464761
363.6 0.0881231 0.0458836
364.5 0.0953602 0.0451157
365.4 0.339441 0.0437046
366.3 0.101216 0.0456211
367.2 0.119652 0.0421118
368.1 0.145182 0.0410105
369 0.130944 0.0399029
369.9 0.0997434 0.0393493
370.8 0.223022 0.0389867
371.7 0.0552518 0.0390898
372.6 0.174768 0.0382246
373.5 0.108638 0.0375544
374.4 0.082288 0.0383175
375.3 0.108688 0.0358691
376.2 0.104941 0.0357398
377.1 0.0402714 0.0339718
378 0.0617216 0.0335397
378.9 0.211502 0.0331761
379.8 0.0793422 0.0328364
380.7 0.144019 0.0325031
381.6 0.138608 0.0324268
382.5 0.151767 0.0333197
383.4 0.158216 0.029525
384.3 0.180098 0.0280599
385.2 0.0289016 0.0275822
386.1 0.0748714 0.02712
387 0.121589 0.0260699
387.9 0.0428853 0.0261531
388.8 0.0584075 0.0257346
389.7 0.0623457 0.0244441
390.6 0.0379721 0.0236798
391.5 0.0883229 0.0226168
392.4 0.0691858 0.0227553
393.3 0.0119337 0.0222714
394.2 0.0321674 0.0214425
395.1 0.0392571 0.0215864
396 0.0342728 0.0216173
396.9 0.114333 0.0209037
397.8 0.0676305 0.0203172
398.7 0.00449617 0.0207125
399.6 0.0415536 0.0197241
400.5 0.0520534 0.019664
401.4 0.0346072 0.0193446
402.3 0.0545121 0.0194902
403.2 0.0277672 0.0191029
404.1 0.022879 0.0190043
405 0.0734877 0.0184691
405.9 0.120439 0.0189314
406.8 0.0181897 0.0196378
407.7 0.0773692 0.0201684
408.6 0.104166 0.0200257
409.5 0.0447838 0.0175224
410.4 0.0518572 0.016502
411.3 0.0663108 0.0163386
412.2 0.0282476 0.0158852
413.1 0.0826782 0.0161652
414 0.0512795 0.0157098
414.9 0.0159551 0.0157077
415.8 0.0558787 0.0144382
416.7 0.0609059 0.0140604
417.6 0.0295918 0.0135242
418.5 0.0629292 0.0134107
419.4 0.0367376 0.0127111
420.3 0.0218164 0.0123188
421.2 0.0330529 0.0120573
422.1 0.0284702 0.0114923
423 0.0124031 0.0114558
423.9 0.0610471 0.0112918
424.8 0.0260668 0.0114566
425.7 0.0206494 0.0122955
426.6 0.061672 0.0116991
427.5 0.0154144 0.0104859
428.4 0.0241719 0.0105796
429.3 0.0266999 0.0108765
430.2 0.0358429 0.011941
431.1 0.0131215 0.0101022
432 0.0218234 0.00995846
432.9 0.00108094 0.00979162
433.8 0.0207656 0.00955883
434.7 0.0279935 0.00921797
435.6 0.00565267 0.00912148
436.5 0.0121012 0.00888495
437.4 0.0357851 0.00876009
438.3 0.0107368 0.00867288
439.2 0.0197025 0.0085436
440.1 0.0364045 0.00829275
441 -0.00704015 0.00834966
441.9 0.0132144 0.00825133
442.8 0.0438147 0.00816596
443.7 0.0195751 0.00799794
444.6 0.0168627 0.00799962
445.5 0.0163199 0.00799706
446.4 0.00866024 0.00786029
447.3 0.0233542 0.00775521
448.2 0.0649666 0.00806867
449.1 0.00440253 0.00807847
450 0.0245296 0.0077475
450.9 0.0504893 0.00746947
451.8 0.0281553 0.00726227
452.7 0.0260223 0.00692799
453.6 0.00740874 0.00692629
454.5 0.014446 0.00682889
455.4 0.0179667 0.00671106
456.3 0.0301712 0.00674075
457.2 0.0102957 0.00702924
458.1 0.0259044 0.00713463
459 0.0648477 0.00795724
459.9 0.00192172 0.005879
460.8 0.00926579 0.00563904
461.7 0.0187345 0.00555315
462.6 0.024593 0.00547578
463.5 0.0615388 0.00524328
464.4 0.0301892 0.0052169
465.3 0.00302262 0.00500623
466.2 0.0180834 0.00492386
467.1 0.0139052 0.00472808
468 0.00980766 0.00459004
468.9 0.0129261 0.00443778
469.8 0.0257074 0.00427062
470.7 0.0150734 0.00407759
471.6 0.0291989 0.00405301
472.5 0.0427011 0.00399
473.4 0.0146991 0.00426991
474.3 0.0429846 0.0051555
475.2 0.0392459 0.0031164
476.1 0.0283738 0.00313974
477 0.0149728 0.00204067
477.9 0.0104391 0.00189654
478.8 0.000827298 0.00175975
479.7 0.00412443 0.00174624
480.6 0.0139361 0.00167441
481.5 0.00985965 0.0015354
482.4 0.0125035 0.00145063
483.3 -0.00220802 0.00154583
484.2 0.0130213 0.00152051
485.1 0.0264078 0.00142878
486 0.0016761 0.00142026
486.9 0.0144427 0.00139404
487.8 0.0107562 0.0013543
488.7 0.0117011 0.00104428
489.6 0.00819311 0.000897187
490.5 0.00691851 0.000916891
491.4 -0.000578427 0.000948276
492.3 0.00252242 0.000947683
493.2 0.00085089 0.000988668
494.1 0.000924935 0.000852637
495 0.00489844 0.000753037
495.9 -0.000725525 0.00068719
496.8 0.00887084 0.000719609
497.7 0.00268019 0.000648986
498.6 9.18005e-05 0.000648237
499.5 -0.000361329 0.000674659
500.4 0.00425044 0.000632559
501.3 0.00336787 0.000717872
502.2 -0.00114362 0.00072603
503.1 0.00209082 0.000721574
504 0.000459751 0.000691699
504.9 0.0125939 0.000685443
505.8 0.00555941 0.000659321
506.7 0.00660324 0.000586928
507.6 -0.00025614 0.000520723
508.5 0.0014915 0.000503743
509.4 0.000646134 0.000433738
510.3 2.13801e-05 0.000455504
511.2 0.00153356 0.000455832
512.1 0.00281484 0.000417638
513 0.00423961 0.000431749
513.9 0.00321909 0.000416332
514.8 0.00505747 0.000577068
515.7 0.00156568 0.000176368
516.6 0.000203399 0.000114451
517.5 0.00052479 5.77295e-05
