0 1.37838e+14
8 9.64864e+14
16 1.65405e+15
24 2.76928e+15
32 3.3081e+15
40 4.52358e+15
48 5.37567e+15
56 5.78918e+15
64 6.07739e+15
72 6.72899e+15
80 6.47837e+15
88 6.56609e+15
96 6.64127e+15
104 6.69139e+15
112 6.61621e+15
120 5.85184e+15
128 5.16265e+15
136 5.04987e+15
144 4.47346e+15
152 3.57125e+15
160 3.471e+15
168 3.37076e+15
176 2.63145e+15
184 2.49361e+15
192 2.01744e+15
200 2.35577e+15
208 1.77936e+15
216 1.37838e+15
224 1.06511e+15
232 1.22801e+15
240 9.64864e+14
248 7.01719e+14
256 6.64127e+14
264 6.89189e+14
272 8.01965e+14
280 5.3882e+14
288 5.13759e+14
296 4.00982e+14
304 3.75921e+14
312 3.75921e+14
320 3.5086e+14
328 3.00737e+14
336 3.5086e+14
344 2.00491e+14
352 2.13022e+14
360 2.00491e+14
368 2.00491e+14
376 1.7543e+14
384 1.37838e+14
392 1.00246e+14
400 7.51842e+13
408 5.01228e+13
416 1.00246e+14
424 6.26535e+13
432 3.75921e+13
440 2.50614e+13
448 1.25307e+13
456 5.01228e+13
464 0
472 6.26535e+13
480 6.26535e+13
488 1.25307e+13
496 1.25307e+13
504 0
512 1.25307e+13
520 1.25307e+13
