      1.00      13.7436      0.200     2.7533     2.7562     27533
      1.22      10.8428      0.245     2.6531    3.24507     26531
      1.49      8.53871      0.299     2.5519    3.81084     25519
      1.82      6.68819      0.365     2.4414    4.45299     24414
      2.23      5.22933      0.446     2.3315    5.19907     23315
      2.72      4.16224      0.545     2.2666    6.16414     22666
      3.32      3.27109      0.665     2.1757    7.22723     21757
      4.06      2.57154      0.812     2.0891    8.48336     20891
      4.95      2.03798      0.992     2.0222    10.0285     20222
      6.05      1.57631      1.212     1.9104     11.574     19104
      7.39      1.23538      1.480     1.8287    13.5237     18287
      9.03     0.981686      1.808     1.7749    16.0235     17749
     11.02     0.758724      2.208     1.6755    18.4826     16755
     13.46     0.596091      2.697     1.6078    21.6657     16078
     16.44     0.464423      3.294     1.5300    25.1956     15300
     20.09     0.355783      4.024     1.4316    28.7905     14316
     24.53     0.272428      4.915     1.3389    32.8723     13389
     29.96     0.212517      6.003     1.2757    38.2414     12757
     36.60     0.163519      7.332     1.1989    43.8912     11989
     44.70     0.128518      8.955     1.1509    51.4765     11509
     54.60    0.0964267     10.938     1.0547    57.6231     10547
     66.69    0.0733111     13.360     0.9794    65.3103      9794
     81.45    0.0561121     16.317     0.9156    74.5603      9156
     99.48    0.0419467     19.930     0.8360    83.2029      8360
    121.51    0.0320508     24.343     0.7802    94.8376      7802
    148.41    0.0240817     29.732     0.7160    106.113      7160
    181.27    0.0185847     36.315     0.6749    122.133      6749
    221.41    0.0136827     44.355     0.6069    134.468      6069
    270.43   0.00986978     54.175     0.5347    144.631      5347
    330.30   0.00743992     66.170     0.4923    162.522      4923
    403.43   0.00538355     80.820     0.4351      175.3      4351
    492.75   0.00391636     98.714     0.3866    190.655      3866
    601.85   0.00291615    120.570     0.3516     211.87      3516
    735.10   0.00218383    147.264     0.3216    235.938      3216
    897.85   0.00142437    179.869     0.2562    229.765      2562
   1096.63  0.000969082    219.692     0.2129     233.31      2129
   1339.43  0.000697641    268.333     0.1872     250.08      1872
   1635.98  0.000470491    327.742     0.1542    252.061      1542
   1998.20  0.000287031    400.306     0.1149    229.277      1149
   2440.60  0.000189596    488.934     0.0927    225.637       927
   2980.96    0.0001065    597.186     0.0636    187.543       636
   3640.95  5.42909e-05    729.404     0.0396    143.359       396
   4447.07    1.549e-05    890.896     0.0138     60.367       138
   5431.66  1.83799e-07   1088.143     0.0002   0.988436         2
   6634.24            0   1329.061     0.0000          0         0
