Lowest energy: 0, Highest energy: 5000 
0 87
1 9446
2 429
3 649
4 11487
5 1097
6 23368
7 1574
8 54726
9 73748
10 23346
11 13060
12 96963
13 66242
14 65487
15 77220
16 43700
17 45127
18 121580
19 110160
20 35608
21 59331
22 169124
23 78205
24 129285
25 141364
26 89098
27 120661
28 80686
29 102206
30 90352
31 55254
32 134337
33 151717
34 91782
35 69201
36 98708
37 134162
38 79924
39 125724
40 113822
41 123349
42 145725
43 121724
44 82831
45 102864
46 134245
47 114440
48 143516
49 197135
50 172080
51 222850
52 249459
53 123938
54 167698
55 85638
56 231719
57 148204
58 230955
59 169814
60 172225
61 259133
62 179113
63 126536
64 224501
65 214111
66 174812
67 202224
68 244375
69 160702
70 247700
71 239744
72 164615
73 203460
74 248835
75 199670
76 207496
77 198000
78 231269
79 198066
80 127980
81 213658
82 223776
83 272832
84 249878
85 306392
86 226956
87 196266
88 193505
89 188312
90 320426
91 282079
92 196951
93 121724
94 191190
95 203012
96 315544
97 260884
98 265588
99 292289
100 167476
101 219992
102 197148
103 187869
104 175048
105 185040
106 258875
107 256955
108 151744
109 219496
110 118640
111 224760
112 220669
113 159337
114 199739
115 212518
116 168322
117 140659
118 199994
119 127326
120 116543
121 207178
122 114449
123 156153
124 157161
125 133670
126 146671
127 220387
128 227089
129 193266
130 198670
131 106623
132 92661
133 168157
134 228591
135 165855
136 126330
137 104020
138 154063
139 142014
140 121621
141 121167
142 164904
143 186592
144 151751
145 110824
146 120837
147 133153
148 123604
149 119633
150 89853
151 68759
152 120192
153 79225
154 90113
155 107152
156 79561
157 84854
158 66407
159 130437
160 85208
161 32823
162 24513
163 53348
164 32863
165 41384
166 65850
167 53151
168 21866
169 11041
170 21168
171 31346
172 12290
173 21675
174 32927
175 746
176 10044
177 442
178 9901
179 99
180 0
