0 29.8077 44.5538
20 1.29118 43.7636
40 2.47188 43.5599
60 7.24194 43.4102
80 3.89991 43.4046
100 2.44539 43.3389
120 5.2349 43.1936
140 2.33234 42.9863
160 6.23065 42.9453
180 8.46709 42.4825
200 2.17759 42.2345
220 8.88032 42.2501
240 3.913 41.7437
260 2.6295 41.4994
280 3.27545 41.2441
300 4.8471 41.3592
320 2.97177 41.1381
340 4.43041 40.7918
360 5.39863 40.5601
380 7.17028 40.434
400 4.49811 40.1026
420 12.6576 40.2014
440 10.4519 40.0594
460 8.03074 40.0253
480 3.53197 39.5473
500 7.54415 39.8973
520 9.3721 38.9886
540 11.9692 38.5477
560 7.17779 38.3953
580 6.71213 38.0966
600 9.11952 38.2389
620 10.7609 37.9028
640 10.2254 37.3681
660 7.74231 37.2682
680 7.46595 36.7259
700 6.4163 36.6797
720 6.64964 36.5332
740 6.0586 36.3741
760 7.03651 36.1695
780 12.8062 35.7906
800 12.067 35.4369
820 7.57716 34.7986
840 6.33676 34.8741
860 10.6275 35.2357
880 6.79315 33.6103
900 6.01728 33.2744
920 6.29056 33.1129
940 7.18297 33.1018
960 8.4293 32.8426
980 10.287 32.7529
1000 9.2861 32.1295
1020 6.51549 31.7928
1040 8.53003 31.5088
1060 9.62662 31.3553
1080 7.47921 30.8506
1100 5.88579 30.5074
1120 6.55552 30.1155
1140 7.68839 29.9346
1160 6.25805 29.7332
1180 6.45057 29.5446
1200 7.80544 29.0805
1220 2.89564 28.8259
1240 6.77499 28.7793
1260 4.41281 28.5198
1280 8.12235 28.3171
1300 8.71352 28.1125
1320 8.77367 27.7391
1340 4.29435 27.3928
1360 7.58004 27.2545
1380 7.62272 26.8964
1400 6.72484 26.4795
1420 6.15192 26.0517
1440 9.21144 25.9288
1460 6.38323 25.5735
1480 3.36123 25.1091
1500 5.14728 25.2092
1520 6.86605 24.7069
1540 5.1576 24.3386
1560 6.18559 23.9596
1580 4.4708 23.7975
1600 4.52704 23.5226
1620 3.97659 23.3001
1640 5.48598 23.1565
1660 4.85998 22.8098
1680 7.74929 22.7133
1700 4.27981 22.38
1720 6.3353 22.0964
1740 4.85232 22.0074
1760 4.1244 21.8554
1780 3.67023 21.2869
1800 4.73018 21.3019
1820 6.28603 20.998
1840 4.57326 20.661
1860 3.62815 20.2837
1880 3.65693 20.2039
1900 5.20432 19.8928
1920 5.1777 19.6654
1940 6.71886 19.5389
1960 3.10603 19.0511
1980 5.44338 18.9828
2000 3.06741 18.4658
2020 2.63729 18.3332
2040 4.88899 18.2661
2060 4.52807 18.104
2080 8.51221 17.9799
2100 7.4073 17.8013
2120 6.25457 17.4123
2140 5.11987 17.2018
2160 4.37909 16.7818
2180 5.35459 16.6191
2200 4.61824 16.4219
2220 3.34853 16.1776
2240 4.95951 16.005
2260 5.35743 15.7099
2280 7.72745 15.5688
2300 4.87817 15.3518
2320 5.09943 14.8593
2340 3.41331 14.6674
2360 4.01977 14.4353
2380 4.50434 14.4079
2400 3.80398 13.9264
2420 7.42 13.844
2440 6.82039 13.8648
2460 6.00187 13.3573
2480 6.3674 13.0013
2500 3.57373 12.6059
2520 5.35098 12.5072
2540 5.78138 12.2381
2560 4.27589 12.1141
2580 5.68085 11.7813
2600 3.98337 11.4884
2620 4.05727 11.3145
2640 4.30268 11.1151
2660 5.47367 10.8798
2680 4.47318 10.6481
2700 5.61344 10.5427
2720 5.44528 10.1888
2740 6.36212 9.94716
2760 5.16991 9.70435
2780 4.90763 9.49079
2800 5.45576 9.34615
2820 3.94459 8.94018
2840 3.42567 8.74276
2860 2.54002 8.38875
2880 2.98978 8.23808
2900 4.26283 8.08832
2920 3.96721 7.89123
2940 4.36925 7.81221
2960 2.45289 7.49809
2980 3.80953 7.35257
3000 3.42914 7.09823
3020 2.75137 6.88061
3040 4.48532 6.74603
3060 4.65537 6.56471
3080 3.48317 6.34204
3100 2.70479 6.12898
3120 3.38655 5.9967
3140 4.59463 5.85067
3160 4.39495 5.50606
3180 3.07609 5.275
3200 2.47632 5.15751
3220 3.44195 5.11523
3240 2.43736 4.80337
3260 3.42448 4.66034
3280 3.17084 4.43433
3300 2.63026 4.29656
3320 2.77402 4.10135
3340 3.03389 3.89709
3360 2.28504 3.74224
3380 2.99803 3.61718
3400 2.68251 3.36439
3420 3.41157 3.22708
3440 2.78154 3.09309
3460 2.35773 2.98317
3480 2.06265 2.78521
3500 1.68677 2.6214
3520 2.90453 2.52686
3540 3.14576 2.32851
3560 1.85125 2.13341
3580 1.63019 2.00579
3600 1.83978 1.85859
3620 1.54715 1.71851
3640 1.74332 1.66025
3660 1.98161 1.52928
3680 1.81522 1.3923
3700 1.42087 1.2598
3720 1.60299 1.17239
3740 1.72446 1.01916
3760 1.04166 0.894383
3780 1.1412 0.852571
3800 1.31354 0.772344
3820 1.3333 0.639204
3840 0.758845 0.554911
3860 0.790849 0.484036
3880 0.826945 0.440265
3900 0.823895 0.355623
3920 0.441046 0.264289
3940 0.526667 0.230126
3960 0.322826 0.177506
3980 0.241146 0.143321
4000 0.210276 0.116532
4020 0.141216 0.0886219
4040 0.26991 0.0654985
4060 0.0899289 0.0436378
4080 0.164341 0.0359803
4100 0.073105 0.0165659
4120 0.0246286 0.00877199
4140 0.0285184 0.00646212
4160 0.00826926 0.000648826
