360 9.07029e+14
450 1.81406e+15
540 0
630 9.07029e+14
720 9.07029e+14
810 0
900 9.07029e+14
990 0
1080 0
1170 0
1260 3.62812e+15
1350 1.81406e+15
1440 9.07029e+14
1530 1.81406e+15
1620 0
1710 2.72109e+15
1800 2.72109e+15
1890 1.81406e+15
1980 9.07029e+14
2070 2.72109e+15
2160 1.81406e+15
2250 9.07029e+14
2340 1.81406e+15
2430 6.34921e+15
2520 3.62812e+15
2610 1.81406e+15
2700 2.72109e+15
2790 3.62812e+15
2880 0
2970 5.44218e+15
3060 7.25624e+15
3150 4.53515e+15
3240 1.81406e+15
3330 4.53515e+15
3420 5.44218e+15
3510 7.25624e+15
3600 6.34921e+15
3690 2.72109e+15
3780 5.44218e+15
3870 3.62812e+15
3960 2.72109e+15
4050 2.72109e+15
4140 9.07029e+14
