      1.00      54.1996      0.200    10.8580    10.8564     10858
      1.22      37.9953      0.245     9.2970    11.3432      9297
      1.49      27.2366      0.299     8.1400     12.129      8140
      1.82       18.823      0.365     6.8710    12.5183      6871
      2.23      13.7871      0.446     6.1470     13.675      6147
      2.72      9.96763      0.545     5.4280    14.7425      5428
      3.32       7.1189      0.665     4.7350    15.7299      4735
      4.06      5.24131      0.812     4.2580    17.2469      4258
      4.95      3.73693      0.992     3.7080    18.3935      3708
      6.05       2.7592      1.212     3.3440    20.2645      3344
      7.39      2.10299      1.480     3.1130    23.0414      3113
      9.03      1.50829      1.808     2.7270     24.668      2727
     11.02      1.13118      2.208     2.4980    27.5398      2498
     13.46     0.847163      2.697     2.2850    30.8071      2285
     16.44     0.671136      3.294     2.2110    36.4123      2211
     20.09     0.504249      4.024     2.0290    40.7792      2029
     24.53     0.363807      4.915     1.7880    43.7522      1788
     29.96     0.279036      6.003     1.6750    50.2627      1675
     36.60     0.207315      7.332     1.5200    55.7551      1520
     44.70     0.152873      8.955     1.3690    61.1909      1369
     54.60     0.114191     10.938     1.2490    68.1811      1249
     66.69    0.0873535     13.360     1.1670    77.8365      1167
     81.45    0.0646552     16.317     1.0550    85.7723      1055
     99.48    0.0493225     19.930     0.9830    97.6895       983
    121.51    0.0378349     24.343     0.9210    112.103       921
    148.41    0.0287904     29.732     0.8560    127.317       856
    181.27    0.0224977     36.315     0.8170    148.307       817
    221.41    0.0170217     44.355     0.7550    166.406       755
    270.43    0.0114997     54.175     0.6230     168.64       623
    330.30   0.00926401     66.170     0.6130    202.496       613
    403.43   0.00638453     80.820     0.5160    208.379       516
    492.75   0.00521708     98.714     0.5150    253.852       515
    601.85   0.00359958    120.570     0.4340    260.782       434
    735.10   0.00261435    147.264     0.3850    282.156       385
    897.85   0.00177907    179.869     0.3200    286.856       320
   1096.63   0.00152486    219.692     0.3350    367.666       335
   1339.43   0.00107329    268.333     0.2880    384.293       288
   1635.98  0.000750589    327.742     0.2460    405.062       246
   1998.20  0.000517105    400.306     0.2070    412.309       207
   2440.60    0.0003886    488.934     0.1900    461.585       190
   2980.96  0.000232758    597.186     0.1390    416.786       139
   3640.95  0.000215244    729.404     0.1570    566.886       157
   4447.07  0.000112246    890.896     0.1000    442.324       100
   5431.66  7.90337e-05   1088.143     0.0860    465.395        86
   6634.24  5.04115e-05   1329.061     0.0670    440.016        67
   8103.08   2.8953e-05   1623.319     0.0470    379.787        47
   9897.13  2.16873e-05   1982.727     0.0430    423.685        43
  12088.38  1.61043e-05   2421.708     0.0390    468.842        39
  14764.78  8.79008e-06   2957.880     0.0260     379.92        26
  18033.74  4.70554e-06   3612.763     0.0170    301.036        17
  22026.47  2.26622e-06   4412.639     0.0100    223.608        10
  26903.19   1.2988e-06   5389.609     0.0070    187.631         7
  32859.63  1.36718e-06   6582.884     0.0090    280.263         9
  40134.84  2.48745e-07   8040.352     0.0020    75.0406         2
  49020.80  2.03655e-07   9820.509     0.0020    103.045         2
  59874.14  1.66739e-07  11994.796     0.0020     119.56         2
  73130.44            0  14650.477     0.0000          0         0
