      1.00      45.9983      0.200     9.2150    9.19902      9215
      1.22      33.0911      0.245     8.0970    9.87818      8097
      1.49      23.8304      0.299     7.1220    10.6157      7122
      1.82       17.215      0.365     6.2840    11.4606      6284
      2.23      12.2978      0.446     5.4830    12.2127      5483
      2.72      8.92826      0.545     4.8620    13.2243      4862
      3.32       6.5085      0.665     4.3290    14.3715      4329
      4.06      5.08006      0.812     4.1270    16.7316      4127
      4.95      3.71677      0.992     3.6880    18.2705      3688
      6.05      2.67999      1.212     3.2480    19.6324      3248
      7.39      2.03813      1.480     3.0170    22.2984      3017
      9.03      1.50552      1.808     2.7220    24.5617      2722
     11.02      1.16469      2.208     2.5720    28.2795      2572
     13.46     0.827884      2.697     2.2330     30.046      2233
     16.44      0.61498      3.294     2.0260     33.253      2026
     20.09     0.467716      4.024     1.8820    37.8243      1882
     24.53     0.361162      4.915     1.7750    43.6451      1775
     29.96     0.259378      6.003     1.5570     46.723      1557
     36.60     0.192584      7.332     1.4120    51.5962      1412
     44.70     0.153766      8.955     1.3770     61.555      1377
     54.60     0.113642     10.938     1.2430    68.1174      1243
     66.69    0.0846588     13.360     1.1310     75.225      1131
     81.45    0.0582203     16.317     0.9500    77.3718       950
     99.48     0.048018     19.930     0.9570    95.5835       957
    121.51     0.035329     24.343     0.8600    104.274       860
    148.41    0.0256288     29.732     0.7620    113.109       762
    181.27    0.0198816     36.315     0.7220    131.155       722
    221.41    0.0154435     44.355     0.6850    151.522       685
    270.43    0.0109459     54.175     0.5930    160.438       593
    330.30    0.0076923     66.170     0.5090    168.598       509
    403.43   0.00678047     80.820     0.5480    220.654       548
    492.75   0.00445731     98.714     0.4400    216.426       440
    601.85   0.00366593    120.570     0.4420    265.597       442
    735.10   0.00273658    147.264     0.4030    297.508       403
    897.85   0.00192918    179.869     0.3470    312.094       347
   1096.63   0.00152941    219.692     0.3360    370.094       336
   1339.43  0.000995033    268.333     0.2670    358.672       267
   1635.98  0.000717026    327.742     0.2350    384.823       235
   1998.20  0.000439664    400.306     0.1760    350.958       176
   2440.60   0.00030679    488.934     0.1500    366.399       150
   2980.96  0.000217688    597.186     0.1300    386.476       130
   3640.95  0.000142582    729.404     0.1040    375.536       104
   4447.07   9.6532e-05    890.896     0.0860     378.56        86
   5431.66  6.70867e-05   1088.143     0.0730    398.901        73
   6634.24  6.01929e-05   1329.061     0.0800    532.195        80
   8103.08  2.40249e-05   1623.319     0.0390    318.013        39
   9897.13  1.71481e-05   1982.727     0.0340    340.967        34
  12088.38  1.65173e-05   2421.708     0.0400    480.949        40
  14764.78  9.12816e-06   2957.880     0.0270    389.786        27
  18033.74  4.70554e-06   3612.763     0.0170    304.665        17
  22026.47  2.26622e-06   4412.639     0.0100    224.891        10
  26903.19  2.22651e-06   5389.609     0.0120    319.404        12
  32859.63  6.07636e-07   6582.884     0.0040     128.46         4
  40134.84  1.24373e-07   8040.352     0.0010    40.4949         1
  49020.80  1.01828e-07   9820.509     0.0010    44.7907         1
  59874.14  8.33695e-08  11994.796     0.0010    64.8803         1
  73130.44            0  14650.477     0.0000          0         0
