-320 3.52113e+15
-240 0
-160 0
-80 0
0 7.39437e+16
80 7.04225e+15
160 0
240 0
320 0
400 3.52113e+15
480 3.52113e+15
560 0
640 0
720 0
800 3.52113e+15
880 3.52113e+15
960 0
1040 0
1120 0
1200 0
1280 0
1360 0
1440 3.52113e+15
1520 3.52113e+15
1600 3.52113e+15
1680 0
1760 0
1840 0
1920 3.52113e+15
2000 0
2080 0
2160 7.04225e+15
2240 0
2320 3.52113e+15
2400 3.52113e+15
2480 0
2560 0
2640 0
2720 0
2800 0
2880 0
2960 0
3040 0
3120 0
3200 0
3280 0
3360 3.52113e+15
3440 0
3520 0
3600 0
3680 3.52113e+15
3760 3.52113e+15
3840 0
3920 0
4000 0
4080 0
4160 0
4240 0
4320 0
4400 0
4480 0
4560 0
4640 0
4720 0
4800 0
4880 0
4960 3.52113e+15
