0 36.6258 22.9462
8 145.546 23.1575
16 47.2123 23.2091
24 89.2505 23.0324
32 57.3361 22.1821
40 40.5414 22.11
48 54.67 22.0105
56 47.4368 22.1502
64 20.6864 23.0584
72 66.2531 21.001
80 26.2937 20.4986
88 72.6172 20.7367
96 54.3809 20.6877
104 5.85714 20.6006
112 35.3694 20.7411
120 8.80353 20.8009
128 43.0504 20.391
136 16.0035 20.4202
144 8.19126 20.5569
152 49.7775 20.8108
160 45.5637 20.9835
168 22.2591 21.1952
176 43.3061 20.9027
184 37.1392 20.8731
192 56.5997 21.9877
200 12.1004 21.8133
208 35.7405 21.9935
216 125.079 23.4561
224 37.3549 22.905
232 14.8126 20.1446
240 42.0013 20.0448
248 32.5113 20.1076
256 24.301 21.556
264 78.5472 26.3831
272 32.4031 23.7571
280 27.8494 19.3654
288 84.8957 18.4946
296 17.9524 20.1921
304 25.5137 17.8426
312 14.301 17.2977
320 50.9092 17.1466
328 7.96952 16.1606
336 25.4309 16.0331
344 23.7751 16.7351
352 70.4688 17.7115
360 31.1986 18.1692
368 2.80046 19.0769
376 75.9482 16.4632
384 31.8061 15.9834
392 38.4461 15.2135
400 36.5589 15.0971
408 14.1585 16.5263
416 42.2107 13.5771
424 21.7704 13.6687
432 60.5752 13.9047
440 35.556 15.212
448 22.7823 14.6506
456 42.5786 14.4669
464 5.54616 12.8381
472 53.7483 13.5811
480 26.8781 13.4995
488 46.9356 13.9098
496 38.0644 16.1488
504 10.2999 10.6835
512 27.0289 10.9615
520 9.42179 9.41334
528 50.3198 9.81765
536 5.2636 9.88796
544 12.978 8.79525
552 22.693 8.71852
560 6.8755 8.56068
568 44.363 9.09856
576 32.0804 10.9479
584 21.2498 8.1144
592 25.8164 7.62482
600 16.1628 7.49846
608 20.2894 7.52155
616 10.2604 7.14271
624 24.6816 7.83503
632 14.6511 8.68881
640 21.6544 8.41653
648 51.7951 8.87919
656 16.4331 7.98392
664 3.40955 6.65698
672 22.3421 6.19186
680 13.3863 7.7124
688 6.3395 6.78391
696 15.071 7.28498
704 32.0321 6.49354
712 2.57064 3.70672
720 1.22552 3.77542
728 2.27982 3.67834
736 8.6836 3.77517
744 0.381249 4.37542
752 19.6901 4.12295
760 31.2779 3.48685
768 43.9261 3.62561
776 2.03748 3.71587
784 1.77443 3.71833
792 2.54057 3.73609
800 4.5423 4.13583
808 2.95681 5.25862
816 21.585 4.03695
824 0.528796 4.17562
832 0.492031 3.53227
840 1.98104 3.03523
848 3.93838 3.04549
856 3.53073 3.49402
864 3.04832 2.67822
872 1.00304 2.67702
880 0.210526 2.7004
888 15.7768 3.6324
896 12.3745 3.55292
904 1.36379 2.16229
912 2.47123 2.14773
920 5.49405 2.05682
928 15.0647 2.03313
936 3.42444 2.88776
944 17.9192 2.126
952 0.0412351 1.49874
960 2.10183 1.544
968 37.7838 2.37567
976 0.0941354 0.962994
984 7.29417 0.921354
992 -1.62326 0.827182
1000 5.1274 0.850858
1008 0.370559 1.08139
1016 1.84376 1.07161
1024 1.23366 0.845947
1032 0.208992 0.850243
1040 0.743621 0.924684
1048 2.09144 0.805061
1056 0.325756 0.765363
1064 1.85863 0.806266
1072 0.900542 0.807471
1080 0.807731 0.913978
1088 5.99407 1.1758
1096 1.15698 1.3904
1104 0.0511076 1.46332
1112 0.38091 1.36287
1120 5.43133 1.29726
1128 -0.486665 0.489008
1136 1.33559 0.469561
1144 0.0521162 0.38127
1152 0.619961 0.39938
1160 0.434253 0.416384
1168 0.322604 0.363424
1176 0.528643 0.343637
1184 -0.369148 0.352642
1192 3.87852 0.326723
1200 0.145995 0.289091
1208 2.06481 0.309666
1216 1.76976 0.357401
1224 16.7508 0.266073
1232 0.126248 0.0127898
