30 0
60 8.77193e+14
90 0
120 8.77193e+14
150 8.77193e+14
180 8.77193e+14
210 0
240 0
270 1.75439e+15
300 8.77193e+14
330 8.77193e+14
360 2.63158e+15
390 0
420 8.77193e+14
450 1.75439e+15
480 3.50877e+15
510 8.77193e+14
540 8.77193e+14
570 1.75439e+15
600 1.75439e+15
630 1.75439e+15
660 2.63158e+15
690 8.77193e+14
720 0
750 0
780 0
810 8.77193e+14
840 1.75439e+15
870 0
900 8.77193e+14
930 8.77193e+14
960 0
990 8.77193e+14
1020 0
1050 0
1080 0
1110 0
1140 8.77193e+14
1170 0
1200 0
1230 8.77193e+14
