      1.00      21.2146      0.200     4.2500    4.28376       170
      1.22      15.4278      0.245     3.7750    4.61329       151
      1.49      11.2092      0.299     3.3500    5.03187       134
      1.82      11.3689      0.365     4.1500    7.56533       166
      2.23      7.90624      0.446     3.5250    7.84676       141
      2.72      6.79444      0.545     3.7000    10.1282       148
      3.32      4.39763      0.665     2.9250    9.78834       117
      4.06       3.2312      0.812     2.6250    10.7207       105
      4.95      2.59509      0.992     2.5750     12.666       103
      6.05      2.02154      1.212     2.4500    14.8511        98
      7.39      1.79021      1.480     2.6500     19.561       106
      9.03      1.20298      1.808     2.1750     19.613        87
     11.02      1.05284      2.208     2.3250    25.5464        93
     13.46     0.750768      2.697     2.0250    27.1425        81
     16.44     0.811981      3.294     2.6750    43.7744       107
     20.09     0.515681      4.024     2.0750    41.8151        83
     24.53     0.427291      4.915     2.1000    51.7334        84
     29.96     0.358165      6.003     2.1500    64.2491        86
     36.60     0.214816      7.332     1.5750    57.4898        63
     44.70      0.16471      8.955     1.4750    64.9769        59
     54.60     0.127996     10.938     1.4000    76.2098        56
     66.69     0.106666     13.360     1.4250    94.4578        57
     81.45    0.0643487     16.317     1.0500     84.965        42
     99.48    0.0689913     19.930     1.3750    137.749        55
    121.51    0.0482693     24.343     1.1750     141.98        47
    148.41    0.0269069     29.732     0.8000    118.896        32
    181.27    0.0220295     36.315     0.8000    144.156        32
    221.41    0.0281816     44.355     1.2500     274.39        50
    270.43    0.0133824     54.175     0.7250    195.563        29
    330.30    0.0109566     66.170     0.7250    239.068        29
    403.43   0.00649589     80.820     0.5250    213.828        21
    492.75   0.00607816     98.714     0.6000     294.01        24
    601.85   0.00435433    120.570     0.5250    319.981        21
    735.10    0.0045836    147.264     0.6750    512.216        27
    897.85   0.00389172    179.869     0.7000    628.884        28
   1096.63   0.00216211    219.692     0.4750    521.252        19
   1339.43   0.00158385    268.333     0.4250    552.917        17
   1635.98   0.00137303    327.742     0.4500    750.021        18
   1998.20  0.000749427    400.306     0.3000    585.306        12
   2440.60  0.000920369    488.934     0.4500    1084.89        18
   2980.96  0.000293041    597.186     0.1750    542.578         7
   3640.95  0.000274196    729.404     0.2000    735.351         8
   4447.07   0.00016837    890.896     0.1500    653.121         6
   5431.66  4.59498e-05   1088.143     0.0500     257.23         2
   6634.24  3.76205e-05   1329.061     0.0500    302.932         2
   8103.08  9.24033e-05   1623.319     0.1500    1210.16         6
   9897.13  3.78267e-05   1982.727     0.0750    726.075         3
  12088.38            0   2421.708     0.0000          0         0
  14764.78            0   2957.880     0.0000          0         0
  18033.74  6.91991e-06   3612.763     0.0250    451.631         1
  22026.47            0   4412.639     0.0000          0         0
  26903.19  4.63856e-06   5389.609     0.0250    705.949         1
  32859.63            0   6582.884     0.0000          0         0
