      1.00      20.5907      0.200     4.1250    4.13529       165
      1.22      15.1213      0.245     3.7000    4.53716       148
      1.49      11.5438      0.299     3.4500    5.12608       138
      1.82      10.4785      0.365     3.8250    6.98081       153
      2.23      7.06515      0.446     3.1500    7.04246       126
      2.72      5.50901      0.545     3.0000    8.19542       120
      3.32      4.32246      0.665     2.8750    9.58072       115
      4.06      3.87744      0.812     3.1500    12.7655       126
      4.95      2.31794      0.992     2.3000    11.4412        92
      6.05      1.98028      1.212     2.4000    14.4929        96
      7.39      1.21599      1.480     1.8000    13.2267        72
      9.03       1.3136      1.808     2.3750    21.5725        95
     11.02     0.984915      2.208     2.1750    23.9508        87
     13.46     0.704424      2.697     1.9000    25.6863        76
     16.44     0.470493      3.294     1.5500     25.656        62
     20.09     0.503255      4.024     2.0250    41.0613        81
     24.53     0.376423      4.915     1.8500    45.3895        74
     29.96     0.233224      6.003     1.4000    42.0258        56
     36.60     0.211406      7.332     1.5500     57.226        62
     44.70     0.167501      8.955     1.5000    67.0157        60
     54.60     0.100568     10.938     1.1000    60.5621        44
     66.69    0.0673678     13.360     0.9000     60.564        36
     81.45    0.0612845     16.317     1.0000    81.1212        40
     99.48    0.0602106     19.930     1.2000    118.465        48
    121.51    0.0390262     24.343     0.9500    115.086        38
    148.41    0.0378379     29.732     1.1250    164.675        45
    181.27    0.0227179     36.315     0.8250    148.888        33
    221.41    0.0185999     44.355     0.8250    183.982        33
    270.43    0.0138439     54.175     0.7500    199.315        30
    330.30    0.0113344     66.170     0.7500    250.494        30
    403.43   0.00773321     80.820     0.6250    251.268        25
    492.75   0.00709118     98.714     0.7000    354.029        28
    601.85   0.00435433    120.570     0.5250    312.961        21
    735.10   0.00237668    147.264     0.3500    246.786        14
    897.85   0.00264081    179.869     0.4750    423.803        19
   1096.63   0.00170693    219.692     0.3750    413.294        15
   1339.43   0.00223603    268.333     0.6000    821.178        24
   1635.98  0.000915353    327.742     0.3000    480.529        12
   1998.20  0.000499618    400.306     0.2000    388.423         8
   2440.60  0.000511316    488.934     0.2500    608.214        10
   2980.96  0.000502356    597.186     0.3000    897.495        12
   3640.95  0.000205647    729.404     0.1500     531.22         6
   4447.07  0.000224493    890.896     0.2000    878.353         8
   5431.66  0.000275699   1088.143     0.3000    1647.06        12
   6634.24  7.52411e-05   1329.061     0.1000    680.015         4
   8103.08  7.70027e-05   1623.319     0.1250    999.452         5
   9897.13  3.78267e-05   1982.727     0.0750    753.563         3
  12088.38            0   2421.708     0.0000          0         0
  14764.78   1.6904e-05   2957.880     0.0500    693.984         2
  18033.74            0   3612.763     0.0000          0         0
  22026.47            0   4412.639     0.0000          0         0
  26903.19            0   5389.609     0.0000          0         0
  32859.63  3.79773e-06   6582.884     0.0250    834.798         1
  40134.84            0   8040.352     0.0000          0         0
