0 83.1818 32.2752
2 42.2044 10.4156
4 35.8574 10.4118
6 22.5741 10.4056
8 5.24026 10.396
10 33.7553 10.3651
12 11.0021 10.3423
14 49.8347 10.3287
16 16.1313 10.2925
18 64.4411 10.2795
20 1.54792 10.2459
22 44.0586 10.2426
24 22.08 10.2222
26 36.1219 10.1891
28 30.7105 10.1708
30 44.5552 10.1726
32 28.3571 10.0772
34 41.4381 10.0232
36 36.3868 9.99879
38 40.6524 9.96346
40 38.9774 9.91882
42 49.0781 9.86816
44 36.0259 9.80605
46 43.2367 9.74529
48 40.5372 9.68388
50 34.111 9.61266
52 43.492 9.562
54 35.9136 9.52988
56 34.4213 9.46104
58 35.3364 9.39334
60 38.9387 9.33
62 33.8791 9.26898
64 44.44 9.19998
66 36.8249 9.15508
68 38.6928 9.07571
70 40.4327 8.99492
72 40.768 8.92229
74 38.6695 8.87316
76 42.4549 8.81502
78 39.1977 8.79445
80 44.7088 8.68885
82 39.0547 8.56575
84 38.8495 8.47824
86 36.3981 8.38158
88 36.21 8.23117
90 35.5905 8.18609
92 38.0899 8.08942
94 33.3955 8.01092
96 36.7569 7.95474
98 34.3975 7.85613
100 31.2041 7.79787
102 36.4077 7.73591
104 37.744 7.67771
106 36.5778 7.60281
108 33.3732 7.51006
110 35.131 7.40053
112 30.2846 7.28498
114 33.8651 7.23596
116 36.5398 7.17045
118 34.5847 7.0382
120 33.4941 6.9579
122 29.4434 6.88811
124 29.6553 6.77826
126 31.2698 6.71657
128 28.245 6.6337
130 31.8106 6.51901
132 29.8805 6.42418
134 28.9358 6.36117
136 30.9533 6.24515
138 27.4681 6.1052
140 27.8443 6.05021
142 28.2982 5.97102
144 28.7712 5.90778
146 24.8135 5.78541
148 26.9336 5.68643
150 27.4873 5.63942
152 27.8064 5.56721
154 26.8167 5.462
156 26.9145 5.37315
158 25.4034 5.29601
160 23.9057 5.19424
162 23.2487 5.1062
164 25.8342 5.02621
166 23.4759 4.97043
168 21.9443 4.84229
170 24.506 4.76056
172 22.198 4.71904
174 22.3481 4.61762
176 22.2561 4.55453
178 18.9072 4.48502
180 20.0416 4.40444
182 19.8316 4.3378
184 20.5201 4.27993
186 20.6869 4.19434
188 18.9633 4.12783
190 18.236 4.07039
192 17.7582 3.9909
194 18.8526 3.91364
196 18.4805 3.83595
198 16.3559 3.76956
200 17.6137 3.70787
202 15.5825 3.64852
204 16.1364 3.55808
206 16.5483 3.51918
208 15.0984 3.43634
210 15.9709 3.3637
212 14.0154 3.32498
214 14.4071 3.28787
216 16.3778 3.21541
218 13.8356 3.15192
220 15.093 3.11567
222 14.5036 3.03788
224 13.3476 2.9881
226 12.2893 2.9353
228 13.099 2.8793
230 11.7278 2.82839
232 12.6615 2.80225
234 12.8292 2.75936
236 10.8429 2.70471
238 12.1465 2.65877
240 11.155 2.60437
242 12.0209 2.53925
244 9.60696 2.51124
246 10.2261 2.47663
248 10.189 2.42223
250 11.5858 2.40463
252 11.3882 2.34437
254 9.62361 2.28585
256 8.3492 2.24519
258 9.72459 2.1941
260 9.50877 2.15734
262 7.9368 2.13133
264 8.6694 2.10584
266 7.94089 2.05435
268 9.26981 2.03057
270 8.40955 2.00457
272 7.56982 1.97602
274 8.25336 1.92815
276 8.42698 1.897
278 6.87182 1.85316
280 7.18447 1.8229
282 6.98984 1.80002
284 7.651 1.75875
286 7.65943 1.73935
288 7.29073 1.71746
290 6.43346 1.68566
292 6.7313 1.65165
294 6.43261 1.62026
296 5.66815 1.58222
298 5.47617 1.56496
300 6.1673 1.5308
302 6.38867 1.53188
304 6.03257 1.50012
306 4.89438 1.46807
308 5.06959 1.43713
310 5.24543 1.41688
312 5.83725 1.37795
314 5.96911 1.34969
316 4.54076 1.34492
318 5.0409 1.31989
320 6.28955 1.28963
322 4.27069 1.25774
324 4.52254 1.25101
326 4.0899 1.21404
328 4.91036 1.19977
330 4.61106 1.18967
332 4.14205 1.16779
334 3.9754 1.13845
336 5.14681 1.12635
338 3.50597 1.09358
340 3.03939 1.07485
342 3.37961 1.05545
344 3.96778 1.03859
346 3.02937 1.0261
348 3.64959 1.00706
350 2.87347 0.996692
352 3.27755 0.980606
354 2.82365 0.966179
356 3.24818 0.947224
358 2.8196 0.943979
360 2.63938 0.929363
362 3.06927 0.909742
364 3.2696 0.896171
366 2.62829 0.887025
368 2.47982 0.881618
370 2.63188 0.860068
372 2.59958 0.859288
374 2.93532 0.84082
376 2.38072 0.829061
378 3.90529 0.814976
380 2.87762 0.812368
382 2.43686 0.789736
384 2.19284 0.76985
386 2.29946 0.757279
388 2.36116 0.752732
390 1.95125 0.746636
392 2.82465 0.742725
394 3.03815 0.742914
396 2.57079 0.728716
398 2.01424 0.713051
400 1.8855 0.706429
402 2.52041 0.694461
404 1.89739 0.674683
406 2.00068 0.671372
408 2.19383 0.660563
410 2.7711 0.650611
412 2.1985 0.632709
414 1.80453 0.622654
416 1.71157 0.608857
418 2.13056 0.599267
420 1.79694 0.593773
422 2.02545 0.585758
424 2.34774 0.575913
426 1.79754 0.569207
428 1.77492 0.562193
430 2.0716 0.554586
432 2.02058 0.543699
434 1.84106 0.541747
436 1.35797 0.529355
438 1.7935 0.517262
440 1.6805 0.510666
442 1.6593 0.51005
444 1.61179 0.503098
446 1.52833 0.494623
448 1.35696 0.482561
450 1.38481 0.476377
452 1.47225 0.472175
454 1.32035 0.462659
456 1.80988 0.451254
458 1.03416 0.446691
460 1.39188 0.441584
462 1.46122 0.435887
464 1.38246 0.428765
466 0.678222 0.420916
468 1.35937 0.433952
470 1.2414 0.413891
472 1.15148 0.408243
474 1.01044 0.399391
476 1.24205 0.39409
478 1.34031 0.39061
480 0.878733 0.386401
482 1.02735 0.377304
484 0.954744 0.373215
486 1.26756 0.371529
488 1.31971 0.363791
490 0.871132 0.358123
492 1.35408 0.350488
494 1.05502 0.349417
496 1.38639 0.343987
498 0.858425 0.341928
500 1.1387 0.335615
502 0.775138 0.327074
504 0.802245 0.320618
506 0.795476 0.321062
508 1.05105 0.319408
510 1.07056 0.316372
512 0.909685 0.310611
514 0.701834 0.308797
516 1.03209 0.308978
518 0.879735 0.299653
520 0.874913 0.291523
522 0.664149 0.28464
524 0.712134 0.281882
526 1.22293 0.281228
528 0.532186 0.274195
530 0.530651 0.267264
532 0.436829 0.265558
534 0.894674 0.261414
536 0.503506 0.25749
538 0.869132 0.253736
540 0.716582 0.251876
542 0.67188 0.251088
544 0.799895 0.249456
546 0.906574 0.249178
548 0.391231 0.243144
550 0.763425 0.236339
552 0.596351 0.234389
554 0.596184 0.230643
556 0.377651 0.226952
558 0.678217 0.223404
560 0.503526 0.222608
562 0.682417 0.218113
564 0.74167 0.21641
566 0.354667 0.21393
568 0.306971 0.207664
570 0.625468 0.207137
572 0.569878 0.202434
574 0.468436 0.199847
576 0.491098 0.197712
578 0.425168 0.193472
580 0.363454 0.192767
582 0.374599 0.190818
584 0.449711 0.186427
586 0.391695 0.18445
588 0.567584 0.182449
590 0.472909 0.180551
592 0.372952 0.180673
594 0.421739 0.178206
596 0.546428 0.175179
598 0.197345 0.172902
600 0.570801 0.170172
602 0.387452 0.168199
604 0.367074 0.166529
606 0.432417 0.166116
608 0.369746 0.163722
610 0.335525 0.161365
612 0.359556 0.15872
614 0.455599 0.15573
616 0.52317 0.155491
618 0.255037 0.151334
620 0.296468 0.148316
622 0.349458 0.147933
624 0.392199 0.147287
626 0.435434 0.144876
628 0.36268 0.143277
630 0.408594 0.141022
632 0.376125 0.138141
634 0.260427 0.136621
636 0.271748 0.135688
638 0.366262 0.134271
640 0.169721 0.132261
642 0.249515 0.130364
644 0.220126 0.130779
646 0.477082 0.12921
648 0.293386 0.125658
650 0.370333 0.124432
652 0.326621 0.124781
654 0.21398 0.124579
656 0.352721 0.119184
658 0.172967 0.119367
660 0.375177 0.117844
662 0.191868 0.11596
664 0.396801 0.115491
666 0.235598 0.111771
668 0.311933 0.111171
670 0.207927 0.108996
672 0.242289 0.108048
674 0.197842 0.10651
676 0.178621 0.105259
678 0.258486 0.106744
680 0.206058 0.103229
682 0.321052 0.10279
684 0.267565 0.101043
686 0.372327 0.0998712
688 0.307588 0.0976178
690 0.114069 0.0943435
692 0.259782 0.0938695
694 0.0280613 0.0921777
696 0.174446 0.0914852
698 0.162396 0.0900098
700 0.230137 0.0896747
702 0.161764 0.0893306
704 0.186268 0.0875154
706 0.370821 0.0876846
708 0.141626 0.0860418
710 0.265096 0.0846559
712 0.204443 0.0843149
714 0.189308 0.0825785
716 0.222611 0.0815494
718 0.188343 0.0829617
720 0.157208 0.0815871
722 0.45536 0.0791418
724 0.207755 0.076971
726 0.258008 0.0765733
728 0.181299 0.0741621
730 0.160847 0.0730384
732 0.214028 0.0721104
734 0.163189 0.0714719
736 0.161154 0.0688981
738 0.178983 0.0682859
740 0.140782 0.0676667
742 0.187918 0.0661581
744 0.219061 0.0649922
746 0.242062 0.0655077
748 0.174297 0.0652907
750 0.235085 0.0648133
752 0.0820508 0.0620201
754 0.175791 0.0614469
756 0.206943 0.0595509
758 0.153401 0.0587774
760 0.0999202 0.0577996
762 0.136434 0.0557982
764 0.0747991 0.0548403
766 0.0624736 0.0559272
768 0.177367 0.0554304
770 0.0582179 0.053022
772 0.100357 0.0523701
774 0.100517 0.0517719
776 0.230785 0.0507253
778 0.123994 0.0498212
780 0.0838711 0.0484646
782 0.0961726 0.0478151
784 0.151331 0.0469771
786 0.114331 0.0462254
788 0.0953515 0.0459196
790 0.0672215 0.0458148
792 0.11222 0.045798
794 0.123333 0.0442873
796 0.112919 0.0439162
798 0.140091 0.0438941
800 0.154098 0.0423536
802 0.110048 0.0415549
804 0.0783424 0.0410118
806 0.0814567 0.0406936
808 0.0980127 0.0405988
810 0.105195 0.0397315
812 0.073117 0.0396928
814 0.119639 0.0390982
816 0.10059 0.0388819
818 0.151686 0.0387264
820 0.11532 0.0369785
822 0.0877591 0.0357757
824 0.133041 0.035043
826 0.101627 0.0342736
828 0.111542 0.0335953
830 0.12211 0.0340033
832 0.146173 0.0327722
834 0.0826279 0.0309725
836 0.0471456 0.0305929
838 0.0803965 0.0296901
840 0.10898 0.0292216
842 0.0862977 0.0287514
844 0.094057 0.0287368
846 0.157747 0.0278118
848 0.0512383 0.0268695
850 0.0654349 0.0264435
852 0.0628222 0.025907
854 0.0699163 0.0255853
856 0.0666666 0.0253249
858 0.0511425 0.0252006
860 0.0497238 0.0249929
862 0.0687361 0.0241621
864 0.171504 0.0238845
866 0.0419221 0.0226741
868 0.0611627 0.0227922
870 0.0809136 0.0215675
872 0.0603747 0.021282
874 0.066072 0.0208771
876 0.0491181 0.0214514
878 0.149235 0.0193344
880 0.0258803 0.0184564
882 0.0538759 0.0182482
884 0.052677 0.0176817
886 0.0576307 0.0173499
888 0.0819981 0.0169599
890 0.024455 0.0162828
892 0.0666481 0.0163149
894 0.0455816 0.0156695
896 0.0430779 0.0154154
898 0.0344135 0.0150599
900 0.0507404 0.0146621
902 0.0952307 0.0142921
904 0.0368287 0.0140075
906 0.0799281 0.0134713
908 0.0253962 0.0128423
910 0.045847 0.0131367
912 0.0381837 0.0123828
914 0.0234031 0.0120661
916 0.0290689 0.0116611
918 0.0269057 0.0115562
920 0.0256158 0.0114222
922 0.0303549 0.0114209
924 0.0711317 0.0111312
926 0.0122818 0.0109593
928 0.0411921 0.0109331
930 0.0455899 0.0110747
932 0.0354532 0.0104475
934 0.018001 0.00985231
936 0.0389994 0.00953238
938 0.0339973 0.00965803
940 0.00549396 0.00902319
942 0.0399986 0.00891348
944 0.0109487 0.00865019
946 0.0128712 0.00858069
948 0.0241869 0.00848761
950 0.03261 0.00845979
952 0.0262975 0.00806099
954 0.00933672 0.00766407
956 0.0414854 0.00751747
958 0.0340756 0.00723716
960 0.0512774 0.0071477
962 0.0185611 0.00669838
964 0.0224374 0.00650852
966 0.0185144 0.00626429
968 0.0209377 0.00625164
970 0.0277449 0.00587164
972 0.00962042 0.00569438
974 0.0246696 0.00616715
976 0.012113 0.00622306
978 0.0233921 0.0052711
980 0.0189602 0.00502639
982 0.0305288 0.00476072
984 0.0148928 0.00461654
986 0.0139419 0.00454178
988 0.00957005 0.00441879
990 0.0123312 0.00436098
992 0.0186003 0.00415833
994 0.0240825 0.00404586
996 0.0133521 0.00386059
998 0.0088691 0.00378926
1000 0.00695298 0.00367268
1002 0.0193692 0.00357323
1004 0.0168834 0.00347023
1006 0.0207776 0.00318427
1008 0.017061 0.00314518
1010 0.00675153 0.00276499
1012 0.00827092 0.00264876
1014 0.0101301 0.00258336
1016 0.0180437 0.00252281
1018 0.0183506 0.00239544
1020 0.0128236 0.002455
1022 0.016514 0.00247893
1024 0.0245214 0.00217905
1026 0.0103702 0.00200136
1028 0.0387195 0.00182798
1030 0.00824937 0.0015484
1032 0.00875182 0.0014056
1034 0.00178081 0.00134086
1036 0.0352089 0.00150357
1038 0.00788951 0.00143575
1040 0.0106607 0.000947625
1042 0.00604583 0.000824573
1044 0.0219172 0.000611715
1046 0.0135518 0.000429348
1048 0.00595916 0.000244765
1050 0.00163007 0.000138325
1052 0.000639191 0.000109352
1054 0.00270065 0.000107589
1056 0.00171084 6.12382e-05
