-10 1
0 3
10 19
20 19
30 26
40 34
50 49
60 59
70 71
80 79
90 83
100 70
110 94
120 110
130 125
140 96
150 114
160 118
170 98
180 96
190 90
200 78
210 82
220 81
230 71
240 76
250 58
260 70
270 54
280 40
290 46
300 53
310 29
320 32
330 38
340 28
350 26
360 27
370 14
380 23
390 18
400 14
410 14
420 11
430 15
440 10
450 12
460 9
470 10
480 13
490 13
500 3
510 7
520 6
530 9
540 1
550 7
560 3
570 3
580 2
590 4
600 4
610 1
620 1
630 1
640 2
650 1
660 2
670 1
680 1
690 2
700 1
710 1
720 0
730 0
740 2
750 1
760 1
770 0
780 0
790 0
800 0
810 3
820 0
830 1
840 0
850 1
860 0
870 1
880 0
890 1
900 0
910 1
920 1
930 0
940 0
950 1
960 0
970 0
980 0
990 0
1000 0
1010 0
1020 0
1030 0
1040 0
1050 0
1060 0
1070 0
1080 1
