-10 3.85282e+14
0 1.15585e+15
10 7.32036e+15
20 7.32036e+15
30 1.00173e+16
40 1.30996e+16
50 1.88788e+16
60 2.27317e+16
70 2.7355e+16
80 3.04373e+16
90 3.19784e+16
100 2.69698e+16
110 3.62165e+16
120 4.2381e+16
130 4.81603e+16
140 3.69871e+16
150 4.39222e+16
160 4.54633e+16
170 3.77577e+16
180 3.69871e+16
190 3.46754e+16
200 3.0052e+16
210 3.15931e+16
220 3.12079e+16
230 2.7355e+16
240 2.92814e+16
250 2.23464e+16
260 2.69698e+16
270 2.08052e+16
280 1.54113e+16
290 1.7723e+16
300 2.042e+16
310 1.11732e+16
320 1.2329e+16
330 1.46407e+16
340 1.07879e+16
350 1.00173e+16
360 1.04026e+16
370 5.39395e+15
380 8.86149e+15
390 6.93508e+15
400 5.39395e+15
410 5.39395e+15
420 4.2381e+15
430 5.77923e+15
440 3.85282e+15
450 4.62339e+15
460 3.46754e+15
470 3.85282e+15
480 5.00867e+15
490 5.00867e+15
500 1.15585e+15
510 2.69698e+15
520 2.31169e+15
530 3.46754e+15
540 3.85282e+14
550 2.69698e+15
560 1.15585e+15
570 1.15585e+15
580 7.70564e+14
590 1.54113e+15
600 1.54113e+15
610 3.85282e+14
620 3.85282e+14
630 3.85282e+14
640 7.70564e+14
650 3.85282e+14
660 7.70564e+14
670 3.85282e+14
680 3.85282e+14
690 7.70564e+14
700 3.85282e+14
710 3.85282e+14
720 0
730 0
740 7.70564e+14
750 3.85282e+14
760 3.85282e+14
770 0
780 0
790 0
800 0
810 1.15585e+15
820 0
830 3.85282e+14
840 0
850 3.85282e+14
860 0
870 3.85282e+14
880 0
890 3.85282e+14
900 0
910 3.85282e+14
920 3.85282e+14
930 0
940 0
950 3.85282e+14
960 0
970 0
980 0
990 0
1000 0
1010 0
1020 0
1030 0
1040 0
1050 0
1060 0
1070 0
1080 3.85282e+14
