      1.00      19.5439      0.200     3.9153    3.91959
      1.22      15.1732      0.245     3.7127    4.53964
      1.49      12.1223      0.299     3.6229    5.40937
      1.82       9.5348      0.365     3.4805     6.3462
      2.23      7.54379      0.446     3.3634    7.49375
      2.72      5.88729      0.545     3.2060    8.72369
      3.32      4.67036      0.665     3.1064    10.3213
      4.06      3.71877      0.812     3.0211    12.2705
      4.95      2.88322      0.992     2.8609    14.1759
      6.05      2.26776      1.212     2.7484     16.642
      7.39      1.78284      1.480     2.6391     19.521
      9.03      1.39485      1.808     2.5219    22.7801
     11.02      1.09772      2.208     2.4241    26.7567
     13.46     0.865775      2.697     2.3352      31.47
     16.44     0.670438      3.294     2.2087    36.3392
     20.09     0.521745      4.024     2.0994     42.168
     24.53     0.405723      4.915     1.9940    48.9261
     29.96     0.307839      6.003     1.8479    55.4111
     36.60     0.238998      7.332     1.7523    64.1788
     44.70      0.18567      8.955     1.6627    74.3387
     54.60     0.144041     10.938     1.5755    86.0639
     66.69     0.110049     13.360     1.4702    98.1086
     81.45    0.0838372     16.317     1.3680    111.515
     99.48    0.0635874     19.930     1.2673    126.105
    121.51    0.0483966     24.343     1.1781      143.1
    148.41    0.0372896     29.732     1.1087    164.561
    181.27    0.0274653     36.315     0.9974    181.052
    221.41    0.0203223     44.355     0.9014    199.713
    270.43     0.015435     54.175     0.8362    226.083
    330.30    0.0115445     66.170     0.7639    252.484
    403.43   0.00849415     80.820     0.6865    276.899
    492.75   0.00622099     98.714     0.6141    302.829
    601.85   0.00447791    120.570     0.5399    324.678
    735.10   0.00320716    147.264     0.4723    347.201
    897.85   0.00240731    179.869     0.4330    388.861
   1096.63    0.0016819    219.692     0.3695    404.873
   1339.43   0.00115752    268.333     0.3106    415.098
   1635.98  0.000825038    327.742     0.2704    442.011
   1998.20  0.000559822    400.306     0.2241      447.2
   2440.60  0.000382464    488.934     0.1870    456.147
   2980.96  0.000250676    597.186     0.1497    445.827
   3640.95  0.000168082    729.404     0.1226    445.142
   4447.07  9.83279e-05    890.896     0.0876    387.973
   5431.66  6.42379e-05   1088.143     0.0699    379.382
   6634.24  2.88926e-05   1329.061     0.0384    252.601
   8103.08   1.1458e-05   1623.319     0.0186    148.221
   9897.13  1.31133e-06   1982.727     0.0026    24.3326
  12088.38            0   2421.708     0.0000          0
