0 14.1791 18.5519
5 16.7142 18.7015
10 24.4585 18.7716
15 8.80255 16.7225
20 11.8559 9.52993
25 2.0914 9.3127
30 6.39605 8.97848
35 7.5127 8.85811
40 3.37033 8.87708
45 6.7441 8.74084
50 7.33887 8.72388
55 5.78253 8.64514
60 3.95638 8.6384
65 7.73875 8.67219
70 5.44052 8.67643
75 3.70773 8.52957
80 7.94631 8.58011
85 7.30531 8.52829
90 3.35193 8.44464
95 6.7937 8.38896
100 9.59654 8.37866
105 4.60398 8.30087
110 6.54404 8.21687
115 9.0797 8.22611
120 4.0544 8.19301
125 6.24011 8.09389
130 8.97333 8.08977
135 4.22252 8.08619
140 5.94876 8.03907
145 8.49694 8.05501
150 4.64562 7.83829
155 4.8701 7.79661
160 8.30609 7.85582
165 6.37205 7.81612
170 4.68586 7.68105
175 7.51054 7.59641
180 6.39644 7.61718
185 4.56462 7.55642
190 6.61692 7.42639
195 6.41303 7.4326
200 5.49436 7.45166
205 7.23384 7.31568
210 7.41718 7.27526
215 4.33156 7.2545
220 6.7963 7.17829
225 8.37734 7.20336
230 4.84583 7.14523
235 6.09776 6.98959
240 8.68735 7.01119
245 5.51772 7.02531
250 4.73668 6.86442
255 8.6926 6.90481
260 6.61759 6.8665
265 4.93799 6.76762
270 7.93448 6.73255
275 5.6069 6.67964
280 4.58113 6.6036
285 6.36221 6.57179
290 7.65539 6.59106
295 4.41883 6.52275
300 6.53827 6.42508
305 6.98309 6.41718
310 4.08576 6.34495
315 6.0407 6.24661
320 7.67409 6.25857
325 4.04636 6.17151
330 6.4041 6.10256
335 7.30829 6.14704
340 5.30878 6.10169
345 6.35765 6.02295
350 6.39294 5.89064
355 5.08452 5.98767
360 5.05797 5.86072
365 6.64409 5.83032
370 5.58655 5.81593
375 3.8046 5.71894
380 6.25505 5.5778
385 5.67763 5.56771
390 4.30601 5.58379
395 5.25048 5.47614
400 6.04296 5.45247
405 3.09499 5.445
410 5.59816 5.32622
415 6.0077 5.37752
420 3.40856 5.30973
425 6.04221 5.25445
430 5.22844 5.2217
435 4.13684 5.1607
440 4.74188 5.07592
445 5.84888 5.03928
450 3.25914 4.98319
455 4.41988 4.89904
460 4.92657 4.8675
465 4.1366 4.86304
470 3.05813 4.82758
475 4.72447 4.80001
480 4.27395 4.79091
485 2.98182 4.79605
490 4.97303 4.73857
495 4.7315 4.70722
500 2.8664 4.67296
505 4.30661 4.64352
510 5.16156 4.60779
515 3.50605 4.58507
520 3.72654 4.48431
525 4.18224 4.48135
530 2.82306 4.5169
535 3.45326 4.39449
540 4.55725 4.37257
545 3.85841 4.39846
550 2.95043 4.30555
555 4.70335 4.23182
560 2.60549 4.2421
565 2.56073 4.14368
570 3.4913 4.13015
575 3.66722 4.17046
580 2.66375 4.10963
585 3.92375 4.04773
590 2.80375 4.06407
595 2.20576 3.9794
600 3.26325 3.92841
605 3.82742 3.95254
610 2.06906 3.90678
615 3.16381 3.8396
620 3.29228 3.8445
625 2.13977 3.80021
630 2.33736 3.73673
635 2.83989 3.73414
640 2.62942 3.73517
645 2.32043 3.67285
650 3.168 3.66462
655 2.36049 3.64898
660 2.2464 3.63841
665 3.31817 3.6031
670 2.51768 3.59563
675 2.65566 3.56462
680 2.84708 3.51387
685 2.96683 3.52705
690 1.86485 3.45724
695 2.31508 3.44219
700 2.68148 3.41208
705 2.3156 3.41529
710 2.56491 3.40039
715 2.84086 3.3611
720 1.98004 3.31012
725 2.07574 3.26851
730 2.05071 3.26565
735 2.64921 3.28225
740 2.32608 3.21589
745 2.59185 3.20452
750 2.10763 3.2012
755 2.06797 3.12794
760 3.09263 3.12277
765 1.71791 3.09075
770 1.71799 3.06533
775 2.10116 3.0256
780 2.1002 3.01946
785 1.62015 2.98469
790 2.0746 2.94365
795 2.15721 2.93848
800 1.2746 2.90321
805 1.57759 2.87144
810 1.92452 2.88248
815 1.28838 2.8674
820 1.87001 2.82522
825 1.65951 2.82285
830 1.32674 2.81868
835 1.50865 2.79
840 1.56109 2.77014
845 1.64039 2.77934
850 1.17766 2.7265
855 1.74504 2.72305
860 1.97481 2.73576
865 1.28905 2.67589
870 1.65902 2.63877
875 1.51904 2.65444
880 1.52334 2.61789
885 1.76465 2.57609
890 1.73725 2.59088
895 1.29097 2.55917
900 1.46149 2.52268
905 1.46723 2.53274
910 1.05928 2.51863
915 1.4615 2.46494
920 1.02598 2.46926
925 1.24726 2.47372
930 1.3245 2.43414
935 1.49719 2.43812
940 0.955051 2.43571
945 1.1733 2.39553
950 1.65019 2.36982
955 0.817522 2.3721
960 1.01643 2.33512
965 1.20455 2.32075
970 1.24194 2.33361
975 1.41384 2.33489
980 1.43719 2.27848
985 0.786006 2.27497
990 0.868083 2.24627
995 0.961525 2.20813
1000 0.863311 2.22386
1005 1.02449 2.22932
1010 0.892666 2.17953
1015 0.664311 2.17541
1020 0.855389 2.17333
1025 0.928228 2.13609
1030 0.855443 2.11619
1035 0.712269 2.11442
1040 0.833375 2.08688
1045 0.740393 2.08663
1050 0.639376 2.10697
1055 1.01459 2.0912
1060 1.04119 2.05752
1065 0.625874 2.06604
1070 0.842669 2.04862
1075 0.891795 2.0195
1080 0.678025 2.01177
1085 0.843841 2.00508
1090 0.737386 1.98509
1095 0.945111 1.99976
1100 0.634362 1.96458
1105 0.651288 1.92972
1110 0.600533 1.94628
1115 0.712356 1.94027
1120 0.897475 1.91252
1125 0.729025 1.90214
1130 0.572296 1.90807
1135 0.611148 1.88248
1140 0.784073 1.88812
1145 0.831341 1.89641
1150 0.625657 1.86037
1155 0.556579 1.83572
1160 0.638419 1.83978
1165 0.687123 1.82417
1170 0.477477 1.80578
1175 0.619833 1.80722
1180 0.579291 1.79063
1185 0.660126 1.77008
1190 0.666965 1.76948
1195 0.673302 1.76767
1200 0.712997 1.74747
1205 0.540458 1.74686
1210 0.439534 1.74144
1215 0.535987 1.70375
1220 0.470996 1.71216
1225 0.55609 1.69926
1230 0.441706 1.67663
1235 0.291586 1.68815
1240 0.418572 1.68482
1245 0.4736 1.65678
1250 0.498029 1.64417
1255 0.411856 1.64453
1260 0.354955 1.6211
1265 0.408818 1.60824
1270 0.322503 1.61872
1275 0.578151 1.61152
1280 0.473203 1.59178
1285 0.438079 1.59683
1290 0.483719 1.5846
1295 0.613769 1.55944
1300 0.240133 1.57033
1305 0.442903 1.55459
1310 0.463673 1.52983
1315 0.432181 1.52964
1320 0.380719 1.53918
1325 0.556981 1.5155
1330 0.596917 1.51571
1335 0.437994 1.52176
1340 0.535638 1.49426
1345 0.429902 1.4854
1350 0.298807 1.48114
1355 0.442727 1.46117
1360 0.499882 1.45179
1365 0.337858 1.465
1370 0.431141 1.45553
1375 0.41309 1.4185
1380 0.475077 1.43051
1385 0.43257 1.41889
1390 0.568753 1.40474
1395 0.336326 1.41021
1400 0.385425 1.39845
1405 0.317664 1.37782
1410 0.321858 1.3805
1415 0.330048 1.37325
1420 0.291424 1.35417
1425 0.416947 1.35938
1430 0.446547 1.34744
1435 0.295526 1.32114
1440 0.254671 1.31397
1445 0.517787 1.31726
1450 0.287361 1.30846
1455 0.259943 1.29684
1460 0.237829 1.29639
1465 0.440148 1.29186
1470 0.308173 1.28077
1475 0.391358 1.27814
1480 0.277118 1.26127
1485 0.331802 1.25232
1490 0.2099 1.25122
1495 0.342659 1.24179
1500 0.379058 1.2373
1505 0.275939 1.23862
1510 0.381254 1.22292
1515 0.379975 1.21084
1520 0.307793 1.20438
1525 0.282484 1.20406
1530 0.290497 1.18532
1535 0.207913 1.18251
1540 0.247297 1.18496
1545 0.296479 1.17407
1550 0.283591 1.17042
1555 0.248381 1.16713
1560 0.348664 1.15079
1565 0.260602 1.14355
1570 0.293821 1.14474
1575 0.270605 1.13493
1580 0.14326 1.12112
1585 0.216279 1.12555
1590 0.235864 1.11698
1595 0.240243 1.10745
1600 0.23686 1.10749
1605 0.297253 1.1017
1610 0.306153 1.08694
1615 0.239801 1.08819
1620 0.284018 1.08034
1625 0.246576 1.06213
1630 0.286796 1.06271
1635 0.399926 1.06374
1640 0.252346 1.05077
1645 0.223038 1.04203
1650 0.225249 1.04176
1655 0.19537 1.03066
1660 0.25945 1.02472
1665 0.273975 1.02571
1670 0.286638 1.01681
1675 0.2154 1.00544
1680 0.153234 1.00257
1685 0.203926 0.996871
1690 0.191664 0.988653
1695 0.330734 0.991847
1700 0.280287 0.984473
1705 0.18953 0.962843
1710 0.110719 0.962905
1715 0.21518 0.960541
1720 0.187303 0.953432
1725 0.209735 0.948041
1730 0.268773 0.946845
1735 0.218852 0.933475
1740 0.172761 0.933928
1745 0.297179 0.932126
1750 0.264873 0.925464
1755 0.235428 0.910667
1760 0.208169 0.913074
1765 0.250877 0.905059
1770 0.244133 0.89624
1775 0.159761 0.891022
1780 0.187011 0.880583
1785 0.234554 0.878434
1790 0.162024 0.874382
1795 0.13843 0.870666
1800 0.1914 0.860946
1805 0.160929 0.86177
1810 0.161692 0.857332
1815 0.173593 0.850101
1820 0.21629 0.846745
1825 0.199822 0.839979
1830 0.220085 0.830844
1835 0.216833 0.830136
1840 0.219432 0.82363
1845 0.1835 0.811361
1850 0.19279 0.806263
1855 0.139795 0.803301
1860 0.195208 0.793479
1865 0.134915 0.787966
1870 0.191518 0.789334
1875 0.17948 0.779442
1880 0.18612 0.772489
1885 0.156033 0.773078
1890 0.165923 0.765412
1895 0.188794 0.756912
1900 0.170612 0.760894
1905 0.166944 0.75388
1910 0.216992 0.742994
1915 0.221202 0.73966
1920 0.174495 0.734579
1925 0.180628 0.723943
1930 0.162688 0.721783
1935 0.208318 0.720583
1940 0.196848 0.712187
1945 0.198604 0.708121
1950 0.118184 0.705066
1955 0.166028 0.694734
1960 0.140902 0.690919
1965 0.231885 0.696093
1970 0.119519 0.683326
1975 0.162748 0.679358
1980 0.120937 0.675926
1985 0.114697 0.667695
1990 0.164772 0.660327
1995 0.185353 0.659898
2000 0.164063 0.658076
2005 0.133033 0.65123
2010 0.154451 0.649825
2015 0.185828 0.644958
2020 0.141106 0.633771
2025 0.117855 0.630862
2030 0.139676 0.627128
2035 0.0983206 0.620227
2040 0.130034 0.617358
2045 0.140726 0.615672
2050 0.12265 0.608744
2055 0.109772 0.605957
2060 0.138825 0.600562
2065 0.0821119 0.59462
2070 0.104125 0.589889
2075 0.124293 0.588432
2080 0.139938 0.583549
2085 0.137204 0.579525
2090 0.0766609 0.577079
2095 0.124973 0.570942
2100 0.133509 0.564785
2105 0.109866 0.563761
2110 0.12844 0.559633
2115 0.127141 0.553871
2120 0.0930837 0.553607
2125 0.157709 0.550611
2130 0.142714 0.540825
2135 0.150762 0.537335
2140 0.109569 0.53234
2145 0.134257 0.527509
2150 0.144382 0.52604
2155 0.107293 0.522853
2160 0.107886 0.513992
2165 0.137659 0.514438
2170 0.0888891 0.509991
2175 0.0935469 0.503708
2180 0.134928 0.498696
2185 0.125435 0.496773
2190 0.0819472 0.491201
2195 0.106843 0.48624
2200 0.0622947 0.484215
2205 0.102949 0.481065
2210 0.108801 0.475553
2215 0.0922313 0.475492
2220 0.0997463 0.469513
2225 0.112097 0.462609
2230 0.0860951 0.461535
2235 0.0761675 0.459428
2240 0.116539 0.453439
2245 0.112569 0.452239
2250 0.109872 0.449991
2255 0.107082 0.441263
2260 0.0868946 0.440299
2265 0.0693546 0.43914
2270 0.0886192 0.432766
2275 0.0824025 0.427164
2280 0.121543 0.427856
2285 0.161612 0.424945
2290 0.172988 0.420169
2295 0.0828984 0.416073
2300 0.0693351 0.41077
2305 0.0569593 0.403979
2310 0.078248 0.403935
2315 0.0756581 0.4012
2320 0.0803548 0.397007
2325 0.0804806 0.395501
2330 0.0569327 0.391461
2335 0.0789072 0.388119
2340 0.0800164 0.387499
2345 0.0927106 0.385396
2350 0.0669532 0.376083
2355 0.100593 0.374351
2360 0.088217 0.371357
2365 0.0379578 0.366548
2370 0.0793346 0.364868
2375 0.0688613 0.364176
2380 0.0474246 0.360454
2385 0.0704934 0.357239
2390 0.076834 0.35586
2395 0.0644036 0.351446
2400 0.110857 0.347386
2405 0.0884525 0.34673
2410 0.0481868 0.342456
2415 0.0362875 0.337834
2420 0.0749339 0.337543
2425 0.0717007 0.335
2430 0.0526265 0.329487
2435 0.0591403 0.328177
2440 0.0502582 0.326933
2445 0.0465521 0.321732
2450 0.0806361 0.320731
2455 0.0736233 0.31921
2460 0.072076 0.314354
2465 0.0946742 0.312242
2470 0.0989504 0.309866
2475 0.05271 0.303879
2480 0.0713065 0.301894
2485 0.0609357 0.301165
2490 0.0458675 0.296128
2495 0.07809 0.293724
2500 0.102015 0.293459
2505 0.0582618 0.288866
2510 0.0718502 0.285895
2515 0.0677445 0.282691
2520 0.059476 0.280884
2525 0.0795215 0.276589
2530 0.072127 0.274466
2535 0.0520278 0.271605
2540 0.0636357 0.267356
2545 0.0478352 0.265604
2550 0.0469348 0.264478
2555 0.0410888 0.261325
2560 0.0801638 0.261658
2565 0.0603149 0.258792
2570 0.0510637 0.254081
2575 0.0662379 0.252814
2580 0.0491036 0.249398
2585 0.0391721 0.245291
2590 0.0588112 0.243036
2595 0.0800871 0.243515
2600 0.0681749 0.24258
2605 0.0719447 0.236242
2610 0.0721696 0.234571
2615 0.0495106 0.230075
2620 0.0436819 0.226248
2625 0.0614288 0.226973
2630 0.0531607 0.22434
2635 0.0320371 0.221888
2640 0.0808383 0.219958
2645 0.0528322 0.217906
2650 0.0582844 0.214116
2655 0.0739019 0.2116
2660 0.0418384 0.209618
2665 0.033492 0.206501
2670 0.0737255 0.204508
2675 0.0545913 0.203222
2680 0.0529096 0.199943
2685 0.0632561 0.19814
2690 0.0840687 0.196783
2695 0.0560643 0.193531
2700 0.041956 0.189196
2705 0.056111 0.189059
2710 0.0410545 0.187586
2715 0.0702851 0.183067
2720 0.0514801 0.182101
2725 0.0450647 0.180209
2730 0.0495834 0.178033
2735 0.0630588 0.174652
2740 0.0536863 0.173532
2745 0.0393928 0.170007
2750 0.0509742 0.169002
2755 0.0308523 0.167682
2760 0.0300342 0.163879
2765 0.0503882 0.162121
2770 0.0375843 0.160925
2775 0.0346933 0.157818
2780 0.0620809 0.15603
2785 0.0580614 0.155898
2790 0.0457049 0.152723
2795 0.0513852 0.150398
2800 0.0410108 0.149267
2805 0.0359271 0.147457
2810 0.0512201 0.144906
2815 0.0460679 0.143297
2820 0.0532518 0.142467
2825 0.0442068 0.139429
2830 0.0397366 0.137309
2835 0.0334527 0.136359
2840 0.0548102 0.133216
2845 0.0362293 0.131121
2850 0.0341419 0.129989
2855 0.0338448 0.128263
2860 0.0448026 0.127157
2865 0.0422124 0.126248
2870 0.0446974 0.124139
2875 0.0460235 0.120599
2880 0.0416576 0.119643
2885 0.0553272 0.118427
2890 0.0418793 0.116503
2895 0.0400583 0.114658
2900 0.0309847 0.113229
2905 0.0447749 0.110878
2910 0.0536621 0.109972
2915 0.0330495 0.107297
2920 0.0324336 0.105293
2925 0.0515747 0.104618
2930 0.0269004 0.103339
2935 0.0471226 0.101997
2940 0.0436139 0.0992391
2945 0.0294983 0.0984676
2950 0.0290876 0.0961891
2955 0.0374762 0.0948662
2960 0.0854299 0.0952312
2965 0.0358515 0.0913166
2970 0.06353 0.090319
2975 0.0370158 0.0887974
2980 0.0348576 0.0864689
2985 0.0413371 0.0853617
2990 0.0343422 0.0838635
2995 0.0187468 0.0819105
3000 0.0368643 0.0797348
3005 0.0402405 0.0793295
3010 0.0346729 0.0786352
3015 0.0415573 0.0766086
3020 0.0382874 0.0752995
3025 0.0334675 0.0743075
3030 0.0409301 0.072413
3035 0.0473067 0.0705104
3040 0.0307874 0.0698102
3045 0.0507568 0.0687401
3050 0.0513469 0.0661916
3055 0.0538625 0.064827
3060 0.0338843 0.0623812
3065 0.0439765 0.0614886
3070 0.0450862 0.06024
3075 0.0282203 0.0586005
3080 0.0339267 0.0572775
3085 0.0445752 0.0554657
3090 0.0288582 0.0541376
3095 0.0348312 0.0526577
3100 0.0349036 0.0513865
3105 0.0474994 0.0496187
3110 0.0383144 0.0488912
3115 0.0366265 0.0476654
3120 0.0219874 0.0463066
3125 0.0306366 0.044574
3130 0.0468747 0.0437154
3135 0.0262637 0.0426746
3140 0.0202073 0.0411297
3145 0.0330967 0.0404322
3150 0.0300475 0.0390572
3155 0.0298319 0.0378389
3160 0.0275401 0.0365228
3165 0.028476 0.0360338
3170 0.0282809 0.0343549
3175 0.0301792 0.0335813
3180 0.0409133 0.032204
3185 0.0440354 0.0310387
3190 0.0358168 0.0290533
3195 0.03212 0.0282433
3200 0.027222 0.0269538
3205 0.0303236 0.0260003
3210 0.0358099 0.0258932
3215 0.0283043 0.023799
3220 0.0363485 0.0225373
3225 0.0299284 0.0218946
3230 0.0187758 0.0201821
3235 0.0234097 0.0189893
3240 0.0300962 0.0186813
3245 0.0236712 0.0175053
3250 0.0199669 0.016468
3255 0.0214606 0.0156932
3260 0.0211451 0.0155216
3265 0.021673 0.0144824
3270 0.0244417 0.0135326
3275 0.0158877 0.0124385
3280 0.0202677 0.0118535
3285 0.0185649 0.0109522
3290 0.0138977 0.0103224
3295 0.0180089 0.00971214
3300 0.0129177 0.00872704
3305 0.00980883 0.00848457
3310 0.0186756 0.00812303
3315 0.0164284 0.00751977
3320 0.0160767 0.00673081
3325 0.0138759 0.00616728
3330 0.0138477 0.00577142
3335 0.00880481 0.00500216
3340 0.00914807 0.00451582
3345 0.00735979 0.00408402
3350 0.00897381 0.0038177
3355 0.00704067 0.00362379
3360 0.00910588 0.00318256
3365 0.00757909 0.00274364
3370 0.00466021 0.00239395
3375 0.00635649 0.0021243
3380 0.00726326 0.0019998
3385 0.0034723 0.00149022
3390 0.0022809 0.00141354
3395 0.00314139 0.00121864
3400 0.00135336 0.00106007
3405 0.00133067 0.00105826
3410 0.00402204 0.00093573
3415 0.00441205 0.000812956
3420 0.00248729 0.000567191
3425 0.00132106 0.000445263
3430 0.0017931 0.000392907
3435 0.00126291 0.00029547
3440 0.000250904 0.000191661
3445 0.00023629 0.000164327
3450 8.53824e-05 0.00015319
3455 9.13433e-05 0.000140535
3460 0.00019112 0.000147031
3465 0.000274828 0.000129173
3470 0.000353982 0.000126529
3475 0.000699289 6.85887e-05
3480 0.000121362 5.824e-05
3485 0.000725562 5.71829e-05
3490 0.000198304 1.48965e-05
