0 8.65596e+14
80 3.06893e+15
160 4.09191e+15
240 5.88212e+15
320 6.80674e+15
400 7.23953e+15
480 7.37724e+15
560 6.37394e+15
640 6.45263e+15
720 5.90179e+15
800 5.15423e+15
880 4.72144e+15
960 3.87551e+15
1040 2.99024e+15
1120 2.43941e+15
1200 2.5181e+15
1280 1.79021e+15
1360 2.32137e+15
1440 1.71152e+15
1520 1.82956e+15
1600 1.31807e+15
1680 1.82956e+15
1760 1.84923e+15
1840 1.84923e+15
1920 2.0853e+15
2000 2.20334e+15
2080 1.6525e+15
2160 2.14432e+15
2240 2.02628e+15
2320 2.06563e+15
2400 1.73119e+15
2480 2.04596e+15
2560 1.80988e+15
2640 1.82956e+15
2720 1.96726e+15
2800 1.75087e+15
2880 1.67218e+15
2960 1.51479e+15
3040 1.84923e+15
3120 1.63283e+15
3200 2.3017e+15
3280 1.57381e+15
3360 1.04265e+15
3440 2.55744e+14
3520 1.96726e+13
